\BOOKMARK [0][-]{Doc-Start}{\376\377\000R\000e\000s\000u\000m\000o}{}% 1
\BOOKMARK [0][-]{Doc-Start}{\376\377\000A\000b\000s\000t\000r\000a\000c\000t}{}% 2
\BOOKMARK [0][-]{Doc-Start}{\376\377\000A\000g\000r\000a\000d\000e\000c\000i\000m\000e\000n\000t\000o\000s}{}% 3
\BOOKMARK [0][-]{chapter*.2}{\376\377\000L\000i\000s\000t\000a\000\040\000d\000e\000\040\000F\000i\000g\000u\000r\000a\000s}{}% 4
\BOOKMARK [0][-]{chapter*.3}{\376\377\000L\000i\000s\000t\000a\000\040\000d\000e\000\040\000T\000a\000b\000e\000l\000a\000s}{}% 5
\BOOKMARK [0][-]{chapter.4}{\376\377\000I\000n\000t\000r\000o\000d\000u\000\347\000\343\000o}{}% 6
\BOOKMARK [1][-]{section.5}{\376\377\000C\000o\000n\000c\000e\000i\000t\000o\000s\000\040\000d\000e\000\040\000a\000s\000t\000r\000o\000f\000\355\000s\000i\000c\000a\000\040\000e\000s\000t\000e\000l\000a\000r}{chapter.4}% 7
\BOOKMARK [2][-]{subsection.6}{\376\377\000F\000l\000u\000x\000o}{section.5}% 8
\BOOKMARK [2][-]{subsection.8}{\376\377\000M\000a\000g\000n\000i\000t\000u\000d\000e}{section.5}% 9
\BOOKMARK [2][-]{subsection.12}{\376\377\000M\000a\000g\000n\000i\000t\000u\000d\000e\000\040\000a\000b\000s\000o\000l\000u\000t\000a\000\040\000e\000\040\000o\000\040\000m\000\363\000d\000u\000l\000o\000\040\000d\000e\000\040\000d\000i\000s\000t\000\342\000n\000c\000i\000a}{section.5}% 10
\BOOKMARK [2][-]{subsection.25}{\376\377\000S\000i\000s\000t\000e\000m\000a\000s\000\040\000d\000e\000\040\000m\000a\000g\000n\000i\000t\000u\000d\000e\000s}{section.5}% 11
\BOOKMARK [2][-]{subsection.27}{\376\377\000M\000a\000g\000n\000i\000t\000u\000d\000e\000\040\000b\000o\000l\000o\000m\000\351\000t\000r\000i\000c\000a}{section.5}% 12
\BOOKMARK [2][-]{subsection.29}{\376\377\000E\000x\000t\000i\000n\000\347\000\343\000o\000\040\000a\000t\000m\000o\000s\000f\000\351\000r\000i\000c\000a}{section.5}% 13
\BOOKMARK [2][-]{subsection.31}{\376\377\000E\000x\000t\000i\000n\000\347\000\343\000o\000\040\000i\000n\000t\000e\000r\000e\000s\000t\000e\000l\000a\000r}{section.5}% 14
\BOOKMARK [2][-]{subsection.35}{\376\377\000D\000a\000t\000a\000\040\000J\000u\000l\000i\000a\000n\000a}{section.5}% 15
\BOOKMARK [2][-]{subsection.36}{\376\377\000C\000u\000r\000v\000a\000\040\000d\000e\000\040\000l\000u\000z}{section.5}% 16
\BOOKMARK [2][-]{subsection.38}{\376\377\000F\000a\000s\000e\000\040\000e\000\040\000o\000\040\000E\000s\000p\000a\000\347\000o\000\040\000d\000e\000\040\000F\000a\000s\000e}{section.5}% 17
\BOOKMARK [1][-]{section.41}{\376\377\000I\000n\000t\000r\000o\000d\000u\000\347\000\343\000o\000\040\000H\000i\000s\000t\000\363\000r\000i\000c\000a\000\040\000-\000\040\000E\000s\000t\000r\000e\000l\000a\000s\000\040\000V\000a\000r\000i\000\341\000v\000e\000i\000s}{chapter.4}% 18
\BOOKMARK [1][-]{section.42}{\376\377\000I\000n\000t\000r\000o\000d\000u\000\347\000\343\000o\000\040\000H\000i\000s\000t\000\363\000r\000i\000c\000a\000\040\000-\000\040\000T\000\351\000c\000n\000i\000c\000a\000s\000\040\000d\000e\000\040\000O\000b\000s\000e\000r\000v\000a\000\347\000\343\000o}{chapter.4}% 19
\BOOKMARK [2][-]{subsection.43}{\376\377\000M\000\351\000t\000o\000d\000o\000s\000\040\000f\000o\000t\000o\000g\000r\000\341\000f\000i\000c\000o\000s}{section.42}% 20
\BOOKMARK [2][-]{subsection.44}{\376\377\000M\000\351\000t\000o\000d\000o\000s\000\040\000f\000o\000t\000o\000e\000l\000\351\000t\000r\000i\000c\000o\000s}{section.42}% 21
\BOOKMARK [2][-]{subsection.45}{\376\377\000D\000e\000t\000e\000c\000t\000o\000r\000e\000s\000\040\000e\000m\000\040\000\341\000r\000e\000a}{section.42}% 22
\BOOKMARK [1][-]{section.47}{\376\377\000D\000e\000t\000e\000c\000\347\000\343\000o\000\040\000d\000e\000\040\000P\000e\000r\000\355\000o\000d\000o\000s}{chapter.4}% 23
\BOOKMARK [0][-]{chapter.48}{\376\377\000E\000s\000t\000r\000e\000l\000a\000s\000\040\000V\000a\000r\000i\000\341\000v\000e\000i\000s}{}% 24
\BOOKMARK [1][-]{section.49}{\376\377\000V\000a\000r\000i\000\341\000v\000e\000i\000s\000\040\000e\000x\000t\000r\000\355\000n\000s\000e\000c\000a\000s}{chapter.48}% 25
\BOOKMARK [1][-]{section.50}{\376\377\000V\000a\000r\000i\000\341\000v\000e\000i\000s\000\040\000i\000n\000t\000r\000\355\000n\000s\000e\000c\000a\000s}{chapter.48}% 26
\BOOKMARK [0][-]{chapter.51}{\376\377\000M\000e\000t\000o\000d\000o\000l\000o\000g\000i\000a}{}% 27
\BOOKMARK [1][-]{section.52}{\376\377\000A\000m\000o\000s\000t\000r\000a\000g\000e\000m}{chapter.51}% 28
\BOOKMARK [1][-]{section.53}{\376\377\000A\000n\000a\000l\000i\000s\000e\000\040\000d\000e\000\040\000F\000o\000u\000r\000i\000e\000r}{chapter.51}% 29
\BOOKMARK [2][-]{subsection.54}{\376\377\000L\000o\000m\000b\000-\000S\000c\000a\000r\000g\000l\000e}{section.53}% 30
\BOOKMARK [2][-]{subsection.55}{\376\377\000E\000n\000t\000r\000o\000p\000i\000a\000\040\000d\000e\000\040\000S\000h\000a\000n\000n\000o\000n}{section.53}% 31
\BOOKMARK [1][-]{section.58}{\376\377\000A\000l\000g\000o\000r\000i\000t\000m\000o}{chapter.51}% 32
\BOOKMARK [0][-]{chapter.61}{\376\377\000R\000e\000s\000u\000l\000t\000a\000d\000o\000s\000\040\000e\000\040\000D\000i\000s\000c\000u\000s\000s\000\343\000o}{}% 33
\BOOKMARK [1][-]{section.62}{\376\377\000r\000e\000s\000u\000l\000t\000a\000d\000o\000\040\000p\000a\000r\000c\000i\000a\000i\000s}{chapter.61}% 34
\BOOKMARK [2][-]{subsection.64}{\376\377\000D\000a\000d\000o\000s\000\040\000S\000i\000n\000t\000\351\000t\000i\000c\000o\000s}{section.62}% 35
\BOOKMARK [0][-]{appendix*.69}{\376\377\000B\000i\000b\000l\000i\000o\000g\000r\000a\000f\000i\000a}{}% 36
