This is pdfTeX, Version 3.1415926-2.5-1.40.14 (TeX Live 2013/Debian) (format=pdflatex 2015.2.6)  25 JUN 2016 18:42
entering extended mode
 restricted \write18 enabled.
 %&-line parsing enabled.
**monografia.tex
(./monografia.tex
LaTeX2e <2011/06/27>
Babel <3.9h> and hyphenation patterns for 78 languages loaded.
(./MastersDoctoralThesis.cls
Document Class: MastersDoctoralThesis 2015/06/25 v2.0 LaTeX document class
(/usr/share/texlive/texmf-dist/tex/latex/etoolbox/etoolbox.sty
Package: etoolbox 2011/01/03 v2.1 e-TeX tools for LaTeX

(/usr/share/texlive/texmf-dist/tex/latex/etex-pkg/etex.sty
Package: etex 1998/03/26 v2.0 eTeX basic definition package (PEB)
\et@xins=\count79
)
\etb@tempcnta=\count80
)
(/usr/share/texlive/texmf-dist/tex/latex/l3packages/xparse/xparse.sty
(/usr/share/texlive/texmf-dist/tex/latex/l3kernel/expl3.sty
(/usr/share/texlive/texmf-dist/tex/latex/l3kernel/l3names.sty
(/usr/share/texlive/texmf-dist/tex/latex/l3kernel/l3bootstrap.sty
Package: l3bootstrap 2014/01/04 v4640 L3 Experimental bootstrap code
)
Package: l3names 2014/01/04 v4640 L3 Namespace for primitives
)
Package: expl3 2014/01/07 v4646 L3 Experimental code bundle wrapper

(/usr/share/texlive/texmf-dist/tex/latex/l3kernel/l3basics.sty
Package: l3basics 2014/01/04 v4642 L3 Basic definitions
)
(/usr/share/texlive/texmf-dist/tex/latex/l3kernel/l3expan.sty
Package: l3expan 2014/01/04 v4642 L3 Argument expansion
)
(/usr/share/texlive/texmf-dist/tex/latex/l3kernel/l3tl.sty
Package: l3tl 2013/12/27 v4625 L3 Token lists
)
(/usr/share/texlive/texmf-dist/tex/latex/l3kernel/l3seq.sty
Package: l3seq 2013/12/14 v4623 L3 Sequences and stacks
)
(/usr/share/texlive/texmf-dist/tex/latex/l3kernel/l3int.sty
Package: l3int 2013/08/02 v4583 L3 Integers
\c_max_int=\count81
\l_tmpa_int=\count82
\l_tmpb_int=\count83
\g_tmpa_int=\count84
\g_tmpb_int=\count85
)
(/usr/share/texlive/texmf-dist/tex/latex/l3kernel/l3quark.sty
Package: l3quark 2013/12/14 v4623 L3 Quarks
)
(/usr/share/texlive/texmf-dist/tex/latex/l3kernel/l3prg.sty
Package: l3prg 2014/01/04 v4642 L3 Control structures
\g__prg_map_int=\count86
)
(/usr/share/texlive/texmf-dist/tex/latex/l3kernel/l3clist.sty
Package: l3clist 2013/07/28 v4581 L3 Comma separated lists
)
(/usr/share/texlive/texmf-dist/tex/latex/l3kernel/l3token.sty
Package: l3token 2013/08/25 v4587 L3 Experimental token manipulation
)
(/usr/share/texlive/texmf-dist/tex/latex/l3kernel/l3prop.sty
Package: l3prop 2013/12/14 v4623 L3 Property lists
)
(/usr/share/texlive/texmf-dist/tex/latex/l3kernel/l3msg.sty
Package: l3msg 2013/07/28 v4581 L3 Messages
)
(/usr/share/texlive/texmf-dist/tex/latex/l3kernel/l3file.sty
Package: l3file 2013/10/13 v4596 L3 File and I/O operations
\l_iow_line_count_int=\count87
\l__iow_target_count_int=\count88
\l__iow_current_line_int=\count89
\l__iow_current_word_int=\count90
\l__iow_current_indentation_int=\count91
)
(/usr/share/texlive/texmf-dist/tex/latex/l3kernel/l3skip.sty
Package: l3skip 2013/07/28 v4581 L3 Dimensions and skips
\c_zero_dim=\dimen102
\c_max_dim=\dimen103
\l_tmpa_dim=\dimen104
\l_tmpb_dim=\dimen105
\g_tmpa_dim=\dimen106
\g_tmpb_dim=\dimen107
\c_zero_skip=\skip41
\c_max_skip=\skip42
\l_tmpa_skip=\skip43
\l_tmpb_skip=\skip44
\g_tmpa_skip=\skip45
\g_tmpb_skip=\skip46
\c_zero_muskip=\muskip10
\c_max_muskip=\muskip11
\l_tmpa_muskip=\muskip12
\l_tmpb_muskip=\muskip13
\g_tmpa_muskip=\muskip14
\g_tmpb_muskip=\muskip15
)
(/usr/share/texlive/texmf-dist/tex/latex/l3kernel/l3keys.sty
Package: l3keys 2013/12/08 v4614 L3 Experimental key-value interfaces
\g__keyval_level_int=\count92
\l_keys_choice_int=\count93
)
(/usr/share/texlive/texmf-dist/tex/latex/l3kernel/l3fp.sty
Package: l3fp 2014/01/04 v4642 L3 Floating points
\c__fp_leading_shift_int=\count94
\c__fp_middle_shift_int=\count95
\c__fp_trailing_shift_int=\count96
\c__fp_big_leading_shift_int=\count97
\c__fp_big_middle_shift_int=\count98
\c__fp_big_trailing_shift_int=\count99
\c__fp_Bigg_leading_shift_int=\count100
\c__fp_Bigg_middle_shift_int=\count101
\c__fp_Bigg_trailing_shift_int=\count102
)
(/usr/share/texlive/texmf-dist/tex/latex/l3kernel/l3box.sty
Package: l3box 2013/07/28 v4581 L3 Experimental boxes
\c_empty_box=\box26
\l_tmpa_box=\box27
\l_tmpb_box=\box28
\g_tmpa_box=\box29
\g_tmpb_box=\box30
)
(/usr/share/texlive/texmf-dist/tex/latex/l3kernel/l3coffins.sty
Package: l3coffins 2013/12/14 v4624 L3 Coffin code layer
\l__coffin_internal_box=\box31
\l__coffin_internal_dim=\dimen108
\l__coffin_offset_x_dim=\dimen109
\l__coffin_offset_y_dim=\dimen110
\l__coffin_x_dim=\dimen111
\l__coffin_y_dim=\dimen112
\l__coffin_x_prime_dim=\dimen113
\l__coffin_y_prime_dim=\dimen114
\c_empty_coffin=\box32
\l__coffin_aligned_coffin=\box33
\l__coffin_aligned_internal_coffin=\box34
\l_tmpa_coffin=\box35
\l_tmpb_coffin=\box36
\l__coffin_display_coffin=\box37
\l__coffin_display_coord_coffin=\box38
\l__coffin_display_pole_coffin=\box39
\l__coffin_display_offset_dim=\dimen115
\l__coffin_display_x_dim=\dimen116
\l__coffin_display_y_dim=\dimen117
)
(/usr/share/texlive/texmf-dist/tex/latex/l3kernel/l3color.sty
Package: l3color 2012/08/29 v4156 L3 Experimental color support
)
(/usr/share/texlive/texmf-dist/tex/latex/l3kernel/l3luatex.sty
Package: l3luatex 2013/07/28 v4581 L3 Experimental LuaTeX-specific functions
\g__cctab_allocate_int=\count103
\g__cctab_stack_int=\count104
)
(/usr/share/texlive/texmf-dist/tex/latex/l3kernel/l3candidates.sty
Package: l3candidates 2014/01/06 v4643 L3 Experimental additions to l3kernel
\l__box_top_dim=\dimen118
\l__box_bottom_dim=\dimen119
\l__box_left_dim=\dimen120
\l__box_right_dim=\dimen121
\l__box_top_new_dim=\dimen122
\l__box_bottom_new_dim=\dimen123
\l__box_left_new_dim=\dimen124
\l__box_right_new_dim=\dimen125
\l__box_internal_box=\box40
\l__coffin_bounding_shift_dim=\dimen126
\l__coffin_left_corner_dim=\dimen127
\l__coffin_right_corner_dim=\dimen128
\l__coffin_bottom_corner_dim=\dimen129
\l__coffin_top_corner_dim=\dimen130
\l__coffin_scaled_total_height_dim=\dimen131
\l__coffin_scaled_width_dim=\dimen132
)
(/usr/share/texlive/texmf-dist/tex/generic/oberdiek/ifpdf.sty
Package: ifpdf 2011/01/30 v2.3 Provides the ifpdf switch (HO)
Package ifpdf Info: pdfTeX in PDF mode is detected.
))
Package: xparse 2013/12/31 v4634 L3 Experimental document command parser
\l__xparse_current_arg_int=\count105
\l__xparse_m_args_int=\count106
\l__xparse_mandatory_args_int=\count107
\l__xparse_processor_int=\count108
\l__xparse_v_nesting_int=\count109
)
(/usr/share/texlive/texmf-dist/tex/latex/base/book.cls
Document Class: book 2007/10/19 v1.4h Standard LaTeX document class
(/usr/share/texlive/texmf-dist/tex/latex/base/bk12.clo
File: bk12.clo 2007/10/19 v1.4h Standard LaTeX file (size option)
)
\c@part=\count110
\c@chapter=\count111
\c@section=\count112
\c@subsection=\count113
\c@subsubsection=\count114
\c@paragraph=\count115
\c@subparagraph=\count116
\c@figure=\count117
\c@table=\count118
\abovecaptionskip=\skip47
\belowcaptionskip=\skip48
\bibindent=\dimen133
)
.................................................
. LaTeX info: "xparse/define-command"
. 
. Defining document command \addchap with arg. spec. ' s o m ' on line 108.
.................................................
.................................................
. LaTeX info: "xparse/define-command"
. 
. Defining document command \addsec with arg. spec. ' s o m ' on line 123.
.................................................

(/usr/share/texlive/texmf-dist/tex/generic/babel/babel.sty
Package: babel 2013/12/03 3.9h The Babel package

(/usr/share/texlive/texmf-dist/tex/generic/babel-english/english.ldf
Language: english 2012/08/20 v3.3p English support from the babel system

(/usr/share/texlive/texmf-dist/tex/generic/babel/babel.def
File: babel.def 2013/12/03 3.9h Babel common definitions
\babel@savecnt=\count119
\U@D=\dimen134
)
\l@canadian = a dialect from \language\l@american 
\l@australian = a dialect from \language\l@british 
\l@newzealand = a dialect from \language\l@british 
)
(/usr/share/texlive/texmf-dist/tex/generic/babel-portuges/portuges.ldf
Language: portuges 2008/03/18 v1.2q Portuguese support from the babel system
\l@brazil = a dialect from \language\l@portuges 
Package babel Info: Making " an active character on input line 145.
))
(/usr/share/texlive/texmf-dist/tex/latex/koma-script/scrbase.sty
Package: scrbase 2013/12/19 v3.12 KOMA-Script package (KOMA-Script-independent 
basics and keyval usage)

(/usr/share/texlive/texmf-dist/tex/latex/graphics/keyval.sty
Package: keyval 1999/03/16 v1.13 key=value parser (DPC)
\KV@toks@=\toks14
)
(/usr/share/texlive/texmf-dist/tex/latex/koma-script/scrlfile.sty
Package: scrlfile 2013/12/19 v3.12 KOMA-Script package (loading files)

Package scrlfile, 2013/12/19 v3.12 KOMA-Script package (loading files)
                  Copyright (C) Markus Kohm

)) (/usr/share/texlive/texmf-dist/tex/latex/koma-script/scrhack.sty
Package: scrhack 2013/12/19 v3.12 KOMA-Script package 

(/usr/share/texlive/texmf-dist/tex/latex/koma-script/scrkbase.sty
Package: scrkbase 2013/12/19 v3.12 KOMA-Script package (KOMA-Script-dependent b
asics and keyval usage)
))
(/usr/share/texlive/texmf-dist/tex/latex/setspace/setspace.sty
Package: setspace 2011/12/19 v6.7a set line spacing
)
(/usr/share/texlive/texmf-dist/tex/latex/tools/longtable.sty
Package: longtable 2004/02/01 v4.11 Multi-page Table package (DPC)
\LTleft=\skip49
\LTright=\skip50
\LTpre=\skip51
\LTpost=\skip52
\LTchunksize=\count120
\LTcapwidth=\dimen135
\LT@head=\box41
\LT@firsthead=\box42
\LT@foot=\box43
\LT@lastfoot=\box44
\LT@cols=\count121
\LT@rows=\count122
\c@LT@tables=\count123
\c@LT@chunks=\count124
\LT@p@ftn=\toks15
)
(/usr/share/texlive/texmf-dist/tex/latex/siunitx/siunitx.sty
Package: siunitx 2013/07/31 v2.5s A comprehensive (SI) units package

(/usr/share/texlive/texmf-dist/tex/latex/amsmath/amstext.sty
Package: amstext 2000/06/29 v2.01

(/usr/share/texlive/texmf-dist/tex/latex/amsmath/amsgen.sty
File: amsgen.sty 1999/11/30 v2.0
\@emptytoks=\toks16
\ex@=\dimen136
))
(/usr/share/texlive/texmf-dist/tex/latex/tools/array.sty
Package: array 2008/09/09 v2.4c Tabular extension package (FMi)
\col@sep=\dimen137
\extrarowheight=\dimen138
\NC@list=\toks17
\extratabsurround=\skip53
\backup@length=\skip54
)
(/usr/share/texlive/texmf-dist/tex/latex/l3packages/l3keys2e/l3keys2e.sty
Package: l3keys2e 2013/12/31 v4634 LaTeX2e option processing using LaTeX3 keys
)
Variant \tl_if_blank:VTF already defined; not changing it on line 50
\l__siunitx_tmp_box=\box45
\l__siunitx_tmp_dim=\dimen139
\l__siunitx_tmp_int=\count125
Variant \prop_get:NVNT already defined; not changing it on line 371
Variant \prop_get:NVNF already defined; not changing it on line 372
Variant \prop_get:NVNTF already defined; not changing it on line 373
\l__siunitx_number_mantissa_length_int=\count126
\l__siunitx_number_uncert_length_int=\count127
\l__siunitx_round_int=\count128
\l__siunitx_process_decimal_int=\count129
\l__siunitx_process_uncertainty_int=\count130
\l__siunitx_process_fixed_int=\count131
\l__siunitx_process_integer_min_int=\count132
\l__siunitx_process_precision_int=\count133
\l__siunitx_group_min_int=\count134
\l__siunitx_angle_marker_box=\box46
\l__siunitx_angle_unit_box=\box47
\l__siunitx_angle_marker_dim=\dimen140
\l__siunitx_angle_unit_dim=\dimen141
\l__siunitx_unit_int=\count135
\l__siunitx_unit_denominator_int=\count136
\l__siunitx_unit_numerator_int=\count137
\l__siunitx_unit_prefix_int=\count138
\l__siunitx_unit_prefix_base_int=\count139
\l__siunitx_unit_prefix_gram_int=\count140
\l__siunitx_number_product_int=\count141
\c__siunitx_one_fill_skip=\skip55
\l__siunitx_table_unit_align_skip=\skip56
\l__siunitx_table_exponent_dim=\dimen142
\l__siunitx_table_integer_dim=\dimen143
\l__siunitx_table_mantissa_dim=\dimen144
\l__siunitx_table_marker_dim=\dimen145
\l__siunitx_table_result_dim=\dimen146
\l__siunitx_table_uncert_dim=\dimen147
\l__siunitx_table_fill_pre_dim=\dimen148
\l__siunitx_table_fill_post_dim=\dimen149
\l__siunitx_table_fill_mid_dim=\dimen150
\l__siunitx_table_pre_box=\box48
\l__siunitx_table_post_box=\box49
\l__siunitx_table_mantissa_box=\box50
\l__siunitx_table_result_box=\box51
\l__siunitx_table_number_align_skip=\skip57
\l__siunitx_table_text_align_skip=\skip58
.................................................
. LaTeX info: "xparse/define-command"
. 
. Defining document command \DeclareBinaryPrefix with arg. spec. 'mmm' on line
. 7101.
.................................................
.................................................
. LaTeX info: "xparse/define-command"
. 
. Defining document command \DeclareSIPostPower with arg. spec. 'mm' on line
. 7104.
.................................................
.................................................
. LaTeX info: "xparse/define-command"
. 
. Defining document command \DeclareSIPrefix with arg. spec. 'mmm' on line
. 7107.
.................................................
.................................................
. LaTeX info: "xparse/define-command"
. 
. Defining document command \DeclareSIPrePower with arg. spec. 'mm' on line
. 7110.
.................................................
.................................................
. LaTeX info: "xparse/define-command"
. 
. Defining document command \DeclareSIQualifier with arg. spec. 'mm' on line
. 7113.
.................................................
.................................................
. LaTeX info: "xparse/define-command"
. 
. Defining document command \DeclareSIUnit with arg. spec. 'O{}mm' on line
. 7116.
.................................................
.................................................
. LaTeX info: "xparse/define-command"
. 
. Defining document command \DeclareSIUnitWithOptions with arg. spec. 'mmm' on
. line 7119.
.................................................
.................................................
. LaTeX info: "xparse/define-command"
. 
. Defining document command \ang with arg. spec. 'o>{\SplitArgument {2}{;}}m'
. on line 7134.
.................................................
.................................................
. LaTeX info: "xparse/define-command"
. 
. Defining document command \num with arg. spec. 'om' on line 7142.
.................................................
.................................................
. LaTeX info: "xparse/define-command"
. 
. Defining document command \numlist with arg. spec. 'o>{\SplitList {;}}m' on
. line 7150.
.................................................
.................................................
. LaTeX info: "xparse/define-command"
. 
. Defining document command \numrange with arg. spec. 'omm' on line 7158.
.................................................
.................................................
. LaTeX info: "xparse/define-command"
. 
. Defining document command \SIlist with arg. spec. 'o>{\SplitList {;}}mm' on
. line 7169.
.................................................
.................................................
. LaTeX info: "xparse/define-command"
. 
. Defining document command \SIrange with arg. spec. 'ommm' on line 7180.
.................................................
.................................................
. LaTeX info: "xparse/define-command"
. 
. Defining document command \SI with arg. spec. 'omom' on line 7191.
.................................................
.................................................
. LaTeX info: "xparse/define-command"
. 
. Defining document command \sisetup with arg. spec. 'm' on line 7194.
.................................................
.................................................
. LaTeX info: "xparse/define-command"
. 
. Defining document command \tablenum with arg. spec. 'om' on line 7206.
.................................................
.................................................
. LaTeX info: "xparse/define-command"
. 
. Defining document command \si with arg. spec. 'om' on line 7217.
.................................................
.................................................
. LaTeX info: "xparse/define-command"
. 
. Defining document command \__siunitx_bookmark_num:w with arg. spec. 'om' on
. line 7262.
.................................................
.................................................
. LaTeX info: "xparse/define-command"
. 
. Defining document command \__siunitx_bookmark_numrange:w with arg. spec.
. 'omm' on line 7264.
.................................................
.................................................
. LaTeX info: "xparse/define-command"
. 
. Defining document command \__siunitx_bookmark_SI:w with arg. spec. 'omom' on
. line 7266.
.................................................
.................................................
. LaTeX info: "xparse/define-command"
. 
. Defining document command \__siunitx_bookmark_SIlist:w with arg. spec. 'omm'
. on line 7268.
.................................................
.................................................
. LaTeX info: "xparse/define-command"
. 
. Defining document command \__siunitx_bookmark_SIrange:w with arg. spec.
. 'ommm' on line 7270.
.................................................
.................................................
. LaTeX info: "xparse/define-command"
. 
. Defining document command \__siunitx_bookmark_si:w with arg. spec. 'om' on
. line 7271.
.................................................
\g__file_internal_ior=\read1

(/usr/share/texmf/tex/latex/beamer/base/translator/translator.sty
Package: translator 2010/06/12 ver 1.10

(/usr/share/texmf/tex/latex/beamer/base/translator/translator-language-mappings
.tex))) (/usr/share/texlive/texmf-dist/tex/latex/graphics/graphicx.sty
Package: graphicx 1999/02/16 v1.0f Enhanced LaTeX Graphics (DPC,SPQR)

(/usr/share/texlive/texmf-dist/tex/latex/graphics/graphics.sty
Package: graphics 2009/02/05 v1.0o Standard LaTeX Graphics (DPC,SPQR)

(/usr/share/texlive/texmf-dist/tex/latex/graphics/trig.sty
Package: trig 1999/03/16 v1.09 sin cos tan (DPC)
)
(/usr/share/texlive/texmf-dist/tex/latex/latexconfig/graphics.cfg
File: graphics.cfg 2010/04/23 v1.9 graphics configuration of TeX Live
)
Package graphics Info: Driver file: pdftex.def on input line 91.

(/usr/share/texlive/texmf-dist/tex/latex/pdftex-def/pdftex.def
File: pdftex.def 2011/05/27 v0.06d Graphics/color for pdfTeX

(/usr/share/texlive/texmf-dist/tex/generic/oberdiek/infwarerr.sty
Package: infwarerr 2010/04/08 v1.3 Providing info/warning/error messages (HO)
)
(/usr/share/texlive/texmf-dist/tex/generic/oberdiek/ltxcmds.sty
Package: ltxcmds 2011/11/09 v1.22 LaTeX kernel commands for general use (HO)
)
\Gread@gobject=\count142
))
\Gin@req@height=\dimen151
\Gin@req@width=\dimen152
)
(/usr/share/texlive/texmf-dist/tex/latex/booktabs/booktabs.sty
Package: booktabs 2005/04/14 v1.61803 publication quality tables
\heavyrulewidth=\dimen153
\lightrulewidth=\dimen154
\cmidrulewidth=\dimen155
\belowrulesep=\dimen156
\belowbottomsep=\dimen157
\aboverulesep=\dimen158
\abovetopsep=\dimen159
\cmidrulesep=\dimen160
\cmidrulekern=\dimen161
\defaultaddspace=\dimen162
\@cmidla=\count143
\@cmidlb=\count144
\@aboverulesep=\dimen163
\@belowrulesep=\dimen164
\@thisruleclass=\count145
\@lastruleclass=\count146
\@thisrulewidth=\dimen165
)
(/usr/share/texlive/texmf-dist/tex/latex/caption/caption.sty
Package: caption 2013/05/02 v3.3-89 Customizing captions (AR)

(/usr/share/texlive/texmf-dist/tex/latex/caption/caption3.sty
Package: caption3 2013/05/02 v1.6-88 caption3 kernel (AR)
Package caption3 Info: TeX engine: e-TeX on input line 57.
\captionmargin=\dimen166
\captionmargin@=\dimen167
\captionwidth=\dimen168
\caption@tempdima=\dimen169
\caption@indent=\dimen170
\caption@parindent=\dimen171
\caption@hangindent=\dimen172
)
\c@ContinuedFloat=\count147
Package caption Info: longtable package is loaded.

(/usr/share/texlive/texmf-dist/tex/latex/caption/ltcaption.sty
Package: ltcaption 2013/02/03 v1.3-62 longtable captions (AR)
))
(/usr/share/texlive/texmf-dist/tex/latex/geometry/geometry.sty
Package: geometry 2010/09/12 v5.6 Page Geometry

(/usr/share/texlive/texmf-dist/tex/generic/oberdiek/ifvtex.sty
Package: ifvtex 2010/03/01 v1.5 Detect VTeX and its facilities (HO)
Package ifvtex Info: VTeX not detected.
)
(/usr/share/texlive/texmf-dist/tex/generic/ifxetex/ifxetex.sty
Package: ifxetex 2010/09/12 v0.6 Provides ifxetex conditional
)
\Gm@cnth=\count148
\Gm@cntv=\count149
\c@Gm@tempcnt=\count150
\Gm@bindingoffset=\dimen173
\Gm@wd@mp=\dimen174
\Gm@odd@mp=\dimen175
\Gm@even@mp=\dimen176
\Gm@layoutwidth=\dimen177
\Gm@layoutheight=\dimen178
\Gm@layouthoffset=\dimen179
\Gm@layoutvoffset=\dimen180
\Gm@dimlist=\toks18
)
(/usr/share/texlive/texmf-dist/tex/latex/fancyhdr/fancyhdr.sty
\fancy@headwidth=\skip59
\f@ncyO@elh=\skip60
\f@ncyO@erh=\skip61
\f@ncyO@olh=\skip62
\f@ncyO@orh=\skip63
\f@ncyO@elf=\skip64
\f@ncyO@erf=\skip65
\f@ncyO@olf=\skip66
\f@ncyO@orf=\skip67
)
.................................................
. LaTeX info: "xparse/define-environment"
. 
. Defining document environment 'abbreviations' with arg. spec. ' m ' on line
. 341.
.................................................
.................................................
. LaTeX info: "xparse/define-environment"
. 
. Defining document environment 'constants' with arg. spec. ' m ' on line 358.
.................................................
.................................................
. LaTeX info: "xparse/define-environment"
. 
. Defining document environment 'symbols' with arg. spec. ' m ' on line 374.
.................................................
.................................................
. LaTeX info: "xparse/define-environment"
. 
. Defining document environment 'acknowledgements' with arg. spec. '' on line
. 392.
.................................................

(/usr/share/texlive/texmf-dist/tex/latex/hyperref/hyperref.sty
Package: hyperref 2012/11/06 v6.83m Hypertext links for LaTeX

(/usr/share/texlive/texmf-dist/tex/generic/oberdiek/hobsub-hyperref.sty
Package: hobsub-hyperref 2012/05/28 v1.13 Bundle oberdiek, subset hyperref (HO)


(/usr/share/texlive/texmf-dist/tex/generic/oberdiek/hobsub-generic.sty
Package: hobsub-generic 2012/05/28 v1.13 Bundle oberdiek, subset generic (HO)
Package: hobsub 2012/05/28 v1.13 Construct package bundles (HO)
Package hobsub Info: Skipping package `infwarerr' (already loaded).
Package hobsub Info: Skipping package `ltxcmds' (already loaded).
Package: ifluatex 2010/03/01 v1.3 Provides the ifluatex switch (HO)
Package ifluatex Info: LuaTeX not detected.
Package hobsub Info: Skipping package `ifvtex' (already loaded).
Package: intcalc 2007/09/27 v1.1 Expandable calculations with integers (HO)
Package hobsub Info: Skipping package `ifpdf' (already loaded).
Package: etexcmds 2011/02/16 v1.5 Avoid name clashes with e-TeX commands (HO)
Package etexcmds Info: Could not find \expanded.
(etexcmds)             That can mean that you are not using pdfTeX 1.50 or
(etexcmds)             that some package has redefined \expanded.
(etexcmds)             In the latter case, load this package earlier.
Package: kvsetkeys 2012/04/25 v1.16 Key value parser (HO)
Package: kvdefinekeys 2011/04/07 v1.3 Define keys (HO)
Package: pdftexcmds 2011/11/29 v0.20 Utility functions of pdfTeX for LuaTeX (HO
)
Package pdftexcmds Info: LuaTeX not detected.
Package pdftexcmds Info: \pdf@primitive is available.
Package pdftexcmds Info: \pdf@ifprimitive is available.
Package pdftexcmds Info: \pdfdraftmode found.
Package: pdfescape 2011/11/25 v1.13 Implements pdfTeX's escape features (HO)
Package: bigintcalc 2012/04/08 v1.3 Expandable calculations on big integers (HO
)
Package: bitset 2011/01/30 v1.1 Handle bit-vector datatype (HO)
Package: uniquecounter 2011/01/30 v1.2 Provide unlimited unique counter (HO)
)
Package hobsub Info: Skipping package `hobsub' (already loaded).
Package: letltxmacro 2010/09/02 v1.4 Let assignment for LaTeX macros (HO)
Package: hopatch 2012/05/28 v1.2 Wrapper for package hooks (HO)
Package: xcolor-patch 2011/01/30 xcolor patch
Package: atveryend 2011/06/30 v1.8 Hooks at the very end of document (HO)
Package: atbegshi 2011/10/05 v1.16 At begin shipout hook (HO)
Package: refcount 2011/10/16 v3.4 Data extraction from label references (HO)
Package: hycolor 2011/01/30 v1.7 Color options for hyperref/bookmark (HO)
)
(/usr/share/texlive/texmf-dist/tex/latex/oberdiek/auxhook.sty
Package: auxhook 2011/03/04 v1.3 Hooks for auxiliary files (HO)
)
(/usr/share/texlive/texmf-dist/tex/latex/oberdiek/kvoptions.sty
Package: kvoptions 2011/06/30 v3.11 Key value format for package options (HO)
)
\@linkdim=\dimen181
\Hy@linkcounter=\count151
\Hy@pagecounter=\count152

(/usr/share/texlive/texmf-dist/tex/latex/hyperref/pd1enc.def
File: pd1enc.def 2012/11/06 v6.83m Hyperref: PDFDocEncoding definition (HO)
)
\Hy@SavedSpaceFactor=\count153

(/usr/share/texlive/texmf-dist/tex/latex/latexconfig/hyperref.cfg
File: hyperref.cfg 2002/06/06 v1.2 hyperref configuration of TeXLive
)
Package hyperref Info: Hyper figures OFF on input line 4443.
Package hyperref Info: Link nesting OFF on input line 4448.
Package hyperref Info: Hyper index ON on input line 4451.
Package hyperref Info: Plain pages OFF on input line 4458.
Package hyperref Info: Backreferencing OFF on input line 4463.
Package hyperref Info: Implicit mode ON; LaTeX internals redefined.
Package hyperref Info: Bookmarks ON on input line 4688.
\c@Hy@tempcnt=\count154

(/usr/share/texlive/texmf-dist/tex/latex/url/url.sty
\Urlmuskip=\muskip16
Package: url 2013/09/16  ver 3.4  Verb mode for urls, etc.
)
LaTeX Info: Redefining \url on input line 5041.
\XeTeXLinkMargin=\dimen182
\Fld@menulength=\count155
\Field@Width=\dimen183
\Fld@charsize=\dimen184
Package hyperref Info: Hyper figures OFF on input line 6295.
Package hyperref Info: Link nesting OFF on input line 6300.
Package hyperref Info: Hyper index ON on input line 6303.
Package hyperref Info: backreferencing OFF on input line 6310.
Package hyperref Info: Link coloring OFF on input line 6315.
Package hyperref Info: Link coloring with OCG OFF on input line 6320.
Package hyperref Info: PDF/A mode OFF on input line 6325.
LaTeX Info: Redefining \ref on input line 6365.
LaTeX Info: Redefining \pageref on input line 6369.
\Hy@abspage=\count156
\c@Item=\count157
\c@Hfootnote=\count158
)
Package scrhack Info: hyperref hack deactivated because of
(scrhack)             detection of hyperref version, that doesn't
(scrhack)             need that hack, on input line 397.


Package hyperref Message: Driver (autodetected): hpdftex.

(/usr/share/texlive/texmf-dist/tex/latex/hyperref/hpdftex.def
File: hpdftex.def 2012/11/06 v6.83m Hyperref driver for pdfTeX
\Fld@listcount=\count159
\c@bookmark@seq@number=\count160

(/usr/share/texlive/texmf-dist/tex/latex/oberdiek/rerunfilecheck.sty
Package: rerunfilecheck 2011/04/15 v1.7 Rerun checks for auxiliary files (HO)
Package uniquecounter Info: New unique counter `rerunfilecheck' on input line 2
82.
)
\Hy@SectionHShift=\skip68
)
Package hyperref Info: Option `bookmarksopen' set `true' on input line 408.
Package hyperref Info: Option `hypertexnames' set `false' on input line 408.
Package hyperref Info: Option `colorlinks' set `true' on input line 408.
Package hyperref Info: Option `unicode' set `true' on input line 408.

(/usr/share/texlive/texmf-dist/tex/latex/hyperref/puenc.def
File: puenc.def 2012/11/06 v6.83m Hyperref: PDF Unicode definition (HO)
)
Package hyperref Info: Option `breaklinks' set `true' on input line 408.
)
(/usr/share/texlive/texmf-dist/tex/latex/base/inputenc.sty
Package: inputenc 2008/03/30 v1.1d Input encoding file
\inpenc@prehook=\toks19
\inpenc@posthook=\toks20

(/usr/share/texlive/texmf-dist/tex/latex/base/utf8.def
File: utf8.def 2008/04/05 v1.1m UTF-8 support for inputenc
Now handling font encoding OML ...
... no UTF-8 mapping file for font encoding OML
Now handling font encoding T1 ...
... processing UTF-8 mapping file for font encoding T1

(/usr/share/texlive/texmf-dist/tex/latex/base/t1enc.dfu
File: t1enc.dfu 2008/04/05 v1.1m UTF-8 support for inputenc
   defining Unicode char U+00A1 (decimal 161)
   defining Unicode char U+00A3 (decimal 163)
   defining Unicode char U+00AB (decimal 171)
   defining Unicode char U+00BB (decimal 187)
   defining Unicode char U+00BF (decimal 191)
   defining Unicode char U+00C0 (decimal 192)
   defining Unicode char U+00C1 (decimal 193)
   defining Unicode char U+00C2 (decimal 194)
   defining Unicode char U+00C3 (decimal 195)
   defining Unicode char U+00C4 (decimal 196)
   defining Unicode char U+00C5 (decimal 197)
   defining Unicode char U+00C6 (decimal 198)
   defining Unicode char U+00C7 (decimal 199)
   defining Unicode char U+00C8 (decimal 200)
   defining Unicode char U+00C9 (decimal 201)
   defining Unicode char U+00CA (decimal 202)
   defining Unicode char U+00CB (decimal 203)
   defining Unicode char U+00CC (decimal 204)
   defining Unicode char U+00CD (decimal 205)
   defining Unicode char U+00CE (decimal 206)
   defining Unicode char U+00CF (decimal 207)
   defining Unicode char U+00D0 (decimal 208)
   defining Unicode char U+00D1 (decimal 209)
   defining Unicode char U+00D2 (decimal 210)
   defining Unicode char U+00D3 (decimal 211)
   defining Unicode char U+00D4 (decimal 212)
   defining Unicode char U+00D5 (decimal 213)
   defining Unicode char U+00D6 (decimal 214)
   defining Unicode char U+00D8 (decimal 216)
   defining Unicode char U+00D9 (decimal 217)
   defining Unicode char U+00DA (decimal 218)
   defining Unicode char U+00DB (decimal 219)
   defining Unicode char U+00DC (decimal 220)
   defining Unicode char U+00DD (decimal 221)
   defining Unicode char U+00DE (decimal 222)
   defining Unicode char U+00DF (decimal 223)
   defining Unicode char U+00E0 (decimal 224)
   defining Unicode char U+00E1 (decimal 225)
   defining Unicode char U+00E2 (decimal 226)
   defining Unicode char U+00E3 (decimal 227)
   defining Unicode char U+00E4 (decimal 228)
   defining Unicode char U+00E5 (decimal 229)
   defining Unicode char U+00E6 (decimal 230)
   defining Unicode char U+00E7 (decimal 231)
   defining Unicode char U+00E8 (decimal 232)
   defining Unicode char U+00E9 (decimal 233)
   defining Unicode char U+00EA (decimal 234)
   defining Unicode char U+00EB (decimal 235)
   defining Unicode char U+00EC (decimal 236)
   defining Unicode char U+00ED (decimal 237)
   defining Unicode char U+00EE (decimal 238)
   defining Unicode char U+00EF (decimal 239)
   defining Unicode char U+00F0 (decimal 240)
   defining Unicode char U+00F1 (decimal 241)
   defining Unicode char U+00F2 (decimal 242)
   defining Unicode char U+00F3 (decimal 243)
   defining Unicode char U+00F4 (decimal 244)
   defining Unicode char U+00F5 (decimal 245)
   defining Unicode char U+00F6 (decimal 246)
   defining Unicode char U+00F8 (decimal 248)
   defining Unicode char U+00F9 (decimal 249)
   defining Unicode char U+00FA (decimal 250)
   defining Unicode char U+00FB (decimal 251)
   defining Unicode char U+00FC (decimal 252)
   defining Unicode char U+00FD (decimal 253)
   defining Unicode char U+00FE (decimal 254)
   defining Unicode char U+00FF (decimal 255)
   defining Unicode char U+0102 (decimal 258)
   defining Unicode char U+0103 (decimal 259)
   defining Unicode char U+0104 (decimal 260)
   defining Unicode char U+0105 (decimal 261)
   defining Unicode char U+0106 (decimal 262)
   defining Unicode char U+0107 (decimal 263)
   defining Unicode char U+010C (decimal 268)
   defining Unicode char U+010D (decimal 269)
   defining Unicode char U+010E (decimal 270)
   defining Unicode char U+010F (decimal 271)
   defining Unicode char U+0110 (decimal 272)
   defining Unicode char U+0111 (decimal 273)
   defining Unicode char U+0118 (decimal 280)
   defining Unicode char U+0119 (decimal 281)
   defining Unicode char U+011A (decimal 282)
   defining Unicode char U+011B (decimal 283)
   defining Unicode char U+011E (decimal 286)
   defining Unicode char U+011F (decimal 287)
   defining Unicode char U+0130 (decimal 304)
   defining Unicode char U+0131 (decimal 305)
   defining Unicode char U+0132 (decimal 306)
   defining Unicode char U+0133 (decimal 307)
   defining Unicode char U+0139 (decimal 313)
   defining Unicode char U+013A (decimal 314)
   defining Unicode char U+013D (decimal 317)
   defining Unicode char U+013E (decimal 318)
   defining Unicode char U+0141 (decimal 321)
   defining Unicode char U+0142 (decimal 322)
   defining Unicode char U+0143 (decimal 323)
   defining Unicode char U+0144 (decimal 324)
   defining Unicode char U+0147 (decimal 327)
   defining Unicode char U+0148 (decimal 328)
   defining Unicode char U+014A (decimal 330)
   defining Unicode char U+014B (decimal 331)
   defining Unicode char U+0150 (decimal 336)
   defining Unicode char U+0151 (decimal 337)
   defining Unicode char U+0152 (decimal 338)
   defining Unicode char U+0153 (decimal 339)
   defining Unicode char U+0154 (decimal 340)
   defining Unicode char U+0155 (decimal 341)
   defining Unicode char U+0158 (decimal 344)
   defining Unicode char U+0159 (decimal 345)
   defining Unicode char U+015A (decimal 346)
   defining Unicode char U+015B (decimal 347)
   defining Unicode char U+015E (decimal 350)
   defining Unicode char U+015F (decimal 351)
   defining Unicode char U+0160 (decimal 352)
   defining Unicode char U+0161 (decimal 353)
   defining Unicode char U+0162 (decimal 354)
   defining Unicode char U+0163 (decimal 355)
   defining Unicode char U+0164 (decimal 356)
   defining Unicode char U+0165 (decimal 357)
   defining Unicode char U+016E (decimal 366)
   defining Unicode char U+016F (decimal 367)
   defining Unicode char U+0170 (decimal 368)
   defining Unicode char U+0171 (decimal 369)
   defining Unicode char U+0178 (decimal 376)
   defining Unicode char U+0179 (decimal 377)
   defining Unicode char U+017A (decimal 378)
   defining Unicode char U+017B (decimal 379)
   defining Unicode char U+017C (decimal 380)
   defining Unicode char U+017D (decimal 381)
   defining Unicode char U+017E (decimal 382)
   defining Unicode char U+200C (decimal 8204)
   defining Unicode char U+2013 (decimal 8211)
   defining Unicode char U+2014 (decimal 8212)
   defining Unicode char U+2018 (decimal 8216)
   defining Unicode char U+2019 (decimal 8217)
   defining Unicode char U+201A (decimal 8218)
   defining Unicode char U+201C (decimal 8220)
   defining Unicode char U+201D (decimal 8221)
   defining Unicode char U+201E (decimal 8222)
   defining Unicode char U+2030 (decimal 8240)
   defining Unicode char U+2031 (decimal 8241)
   defining Unicode char U+2039 (decimal 8249)
   defining Unicode char U+203A (decimal 8250)
   defining Unicode char U+2423 (decimal 9251)
)
Now handling font encoding OT1 ...
... processing UTF-8 mapping file for font encoding OT1

(/usr/share/texlive/texmf-dist/tex/latex/base/ot1enc.dfu
File: ot1enc.dfu 2008/04/05 v1.1m UTF-8 support for inputenc
   defining Unicode char U+00A1 (decimal 161)
   defining Unicode char U+00A3 (decimal 163)
   defining Unicode char U+00B8 (decimal 184)
   defining Unicode char U+00BF (decimal 191)
   defining Unicode char U+00C5 (decimal 197)
   defining Unicode char U+00C6 (decimal 198)
   defining Unicode char U+00D8 (decimal 216)
   defining Unicode char U+00DF (decimal 223)
   defining Unicode char U+00E6 (decimal 230)
   defining Unicode char U+00EC (decimal 236)
   defining Unicode char U+00ED (decimal 237)
   defining Unicode char U+00EE (decimal 238)
   defining Unicode char U+00EF (decimal 239)
   defining Unicode char U+00F8 (decimal 248)
   defining Unicode char U+0131 (decimal 305)
   defining Unicode char U+0141 (decimal 321)
   defining Unicode char U+0142 (decimal 322)
   defining Unicode char U+0152 (decimal 338)
   defining Unicode char U+0153 (decimal 339)
   defining Unicode char U+2013 (decimal 8211)
   defining Unicode char U+2014 (decimal 8212)
   defining Unicode char U+2018 (decimal 8216)
   defining Unicode char U+2019 (decimal 8217)
   defining Unicode char U+201C (decimal 8220)
   defining Unicode char U+201D (decimal 8221)
)
Now handling font encoding OMS ...
... processing UTF-8 mapping file for font encoding OMS

(/usr/share/texlive/texmf-dist/tex/latex/base/omsenc.dfu
File: omsenc.dfu 2008/04/05 v1.1m UTF-8 support for inputenc
   defining Unicode char U+00A7 (decimal 167)
   defining Unicode char U+00B6 (decimal 182)
   defining Unicode char U+00B7 (decimal 183)
   defining Unicode char U+2020 (decimal 8224)
   defining Unicode char U+2021 (decimal 8225)
   defining Unicode char U+2022 (decimal 8226)
)
Now handling font encoding OMX ...
... no UTF-8 mapping file for font encoding OMX
Now handling font encoding U ...
... no UTF-8 mapping file for font encoding U
Now handling font encoding PD1 ...
... no UTF-8 mapping file for font encoding PD1
Now handling font encoding PU ...
... no UTF-8 mapping file for font encoding PU
   defining Unicode char U+00A9 (decimal 169)
   defining Unicode char U+00AA (decimal 170)
   defining Unicode char U+00AE (decimal 174)
   defining Unicode char U+00BA (decimal 186)
   defining Unicode char U+02C6 (decimal 710)
   defining Unicode char U+02DC (decimal 732)
   defining Unicode char U+200C (decimal 8204)
   defining Unicode char U+2026 (decimal 8230)
   defining Unicode char U+2122 (decimal 8482)
   defining Unicode char U+2423 (decimal 9251)
))
(/usr/share/texlive/texmf-dist/tex/latex/base/fontenc.sty
Package: fontenc 2005/09/27 v1.99g Standard LaTeX package

(/usr/share/texlive/texmf-dist/tex/latex/base/t1enc.def
File: t1enc.def 2005/09/27 v1.99g Standard LaTeX file
LaTeX Font Info:    Redeclaring font encoding T1 on input line 43.
))
(/usr/share/texlive/texmf-dist/tex/latex/biblatex/biblatex.sty
Package: biblatex 2013/11/25 v2.8a programmable bibliographies (PK/JW/AB)

(/usr/share/texlive/texmf-dist/tex/latex/biblatex/biblatex1.sty
Package: biblatex1 2013/11/25 v2.8a programmable bibliographies (bibtex) (PK/JW
/AB)

(/usr/share/texlive/texmf-dist/tex/latex/logreq/logreq.sty
Package: logreq 2010/08/04 v1.0 xml request logger
\lrq@indent=\count161

(/usr/share/texlive/texmf-dist/tex/latex/logreq/logreq.def
File: logreq.def 2010/08/04 v1.0 logreq spec v1.0
))
(/usr/share/texlive/texmf-dist/tex/latex/base/ifthen.sty
Package: ifthen 2001/05/26 v1.1c Standard LaTeX ifthen package (DPC)
)
\c@tabx@nest=\count162
\c@listtotal=\count163
\c@listcount=\count164
\c@liststart=\count165
\c@liststop=\count166
\c@citecount=\count167
\c@citetotal=\count168
\c@multicitecount=\count169
\c@multicitetotal=\count170
\c@instcount=\count171
\c@maxnames=\count172
\c@minnames=\count173
\c@maxitems=\count174
\c@minitems=\count175
\c@citecounter=\count176
\c@savedcitecounter=\count177
\c@uniquelist=\count178
\c@uniquename=\count179
\c@refsection=\count180
\c@refsegment=\count181
\c@maxextrayear=\count182
\c@maxextraalpha=\count183
\c@abbrvpenalty=\count184
\c@highnamepenalty=\count185
\c@lownamepenalty=\count186
\c@maxparens=\count187
\c@parenlevel=\count188
\blx@tempcnta=\count189
\blx@tempcntb=\count190
\blx@tempcntc=\count191
\blx@maxsection=\count192
\blx@maxsegment=\count193
\blx@notetype=\count194
\blx@parenlevel@text=\count195
\blx@parenlevel@foot=\count196
\labelnumberwidth=\skip69
\labelalphawidth=\skip70
\shorthandwidth=\skip71
\biblabelsep=\skip72
\bibitemsep=\skip73
\bibnamesep=\skip74
\bibinitsep=\skip75
\bibparsep=\skip76
\bibhang=\skip77
\blx@auxin=\read2
\blx@auxout=\write3
\c@mincomprange=\count197
\c@maxcomprange=\count198
\c@mincompwidth=\count199
\c@labelname=\count200
\c@savedlabelname=\count201
Normal \count register pool exhausted, switching to extended pool.
\c@author=\count277
\c@savedauthor=\count278
\c@shortauthor=\count279
\c@savedshortauthor=\count280
\c@editor=\count281
\c@savededitor=\count282
\c@editora=\count283
\c@savededitora=\count284
\c@editorb=\count285
\c@savededitorb=\count286
\c@editorc=\count287
\c@savededitorc=\count288
\c@shorteditor=\count289
\c@savedshorteditor=\count290
\c@bookauthor=\count291
\c@savedbookauthor=\count292
\c@translator=\count293
\c@savedtranslator=\count294
\c@annotator=\count295
\c@savedannotator=\count296
\c@commentator=\count297
\c@savedcommentator=\count298
\c@introduction=\count299
\c@savedintroduction=\count300
\c@foreword=\count301
\c@savedforeword=\count302
\c@afterword=\count303
\c@savedafterword=\count304
\c@holder=\count305
\c@savedholder=\count306
\c@namea=\count307
\c@savednamea=\count308
\c@nameb=\count309
\c@savednameb=\count310
\c@namec=\count311
\c@savednamec=\count312
\c@institution=\count313
\c@savedinstitution=\count314
\c@language=\count315
\c@savedlanguage=\count316
\c@location=\count317
\c@savedlocation=\count318
\c@organization=\count319
\c@savedorganization=\count320
\c@origlocation=\count321
\c@savedoriglocation=\count322
\c@origpublisher=\count323
\c@savedorigpublisher=\count324
\c@pageref=\count325
\c@savedpageref=\count326
\c@publisher=\count327
\c@savedpublisher=\count328
\c@lista=\count329
\c@savedlista=\count330
\c@listb=\count331
\c@savedlistb=\count332
\c@listc=\count333
\c@savedlistc=\count334
\c@listd=\count335
\c@savedlistd=\count336
\c@liste=\count337
\c@savedliste=\count338
\c@listf=\count339
\c@savedlistf=\count340
Package biblatex Info: Trying to load compatibility code...
Package biblatex Info: ... file 'blx-compat.def' found.

(/usr/share/texlive/texmf-dist/tex/latex/biblatex/blx-compat.def
File: blx-compat.def 2013/11/25 v2.8a biblatex compatibility (PK/JW/AB)
)
Package biblatex Info: Trying to load generic definitions...
Package biblatex Info: ... file 'biblatex.def' found.

(/usr/share/texlive/texmf-dist/tex/latex/biblatex/biblatex.def
File: biblatex.def 
\c@textcitecount=\count341
\c@textcitetotal=\count342
\c@textcitemaxnames=\count343
\c@biburlnumpenalty=\count344
\c@biburlucpenalty=\count345
\c@biburllcpenalty=\count346
\c@smartand=\count347
)
Package biblatex Info: Trying to load natbib compatibility...
Package biblatex Info: ... file 'blx-natbib.def' found.

(/usr/share/texlive/texmf-dist/tex/latex/biblatex/blx-natbib.def
File: blx-natbib.def 2013/11/25 v2.8a biblatex compatibility (PK/JW/AB)
)
Package biblatex Info: Trying to load bibliography style 'authoryear'...
Package biblatex Info: ... file 'authoryear.bbx' found.

(/usr/share/texlive/texmf-dist/tex/latex/biblatex/bbx/authoryear.bbx
File: authoryear.bbx 2013/11/25 v2.8a biblatex bibliography style (PK/JW/AB)
Package biblatex Info: Trying to load bibliography style 'standard'...
Package biblatex Info: ... file 'standard.bbx' found.

(/usr/share/texlive/texmf-dist/tex/latex/biblatex/bbx/standard.bbx
File: standard.bbx 2013/11/25 v2.8a biblatex bibliography style (PK/JW/AB)
\c@bbx:relatedcount=\count348
\c@bbx:relatedtotal=\count349
))
Package biblatex Info: Trying to load citation style 'authoryear'...
Package biblatex Info: ... file 'authoryear.cbx' found.

(/usr/share/texlive/texmf-dist/tex/latex/biblatex/cbx/authoryear.cbx
File: authoryear.cbx 2013/11/25 v2.8a biblatex citation style (PK/JW/AB)
Package biblatex Info: Redefining '\cite'.
Package biblatex Info: Redefining '\parencite'.
Package biblatex Info: Redefining '\footcite'.
Package biblatex Info: Redefining '\footcitetext'.
Package biblatex Info: Redefining '\smartcite'.
Package biblatex Info: Redefining '\textcite'.
Package biblatex Info: Redefining '\textcites'.
)
Package biblatex Info: Trying to load configuration file...
Package biblatex Info: ... file 'biblatex.cfg' found.

(/usr/share/texlive/texmf-dist/tex/latex/biblatex/biblatex.cfg
File: biblatex.cfg 
)))
(/usr/share/texlive/texmf-dist/tex/latex/csquotes/csquotes.sty
Package: csquotes 2011/10/22 v5.1d context-sensitive quotations
\csq@reset=\count350
\csq@gtype=\count351
\csq@glevel=\count352
\csq@qlevel=\count353
\csq@maxlvl=\count354
\csq@tshold=\count355
\csq@ltx@everypar=\toks21

(/usr/share/texlive/texmf-dist/tex/latex/csquotes/csquotes.def
File: csquotes.def 2011/10/22 v5.1d csquotes generic definitions
)
Package csquotes Info: Trying to load configuration file 'csquotes.cfg'...
Package csquotes Info: ... configuration file loaded successfully.

(/usr/share/texlive/texmf-dist/tex/latex/csquotes/csquotes.cfg
File: csquotes.cfg 
)
Package csquotes Info: Enabling multilingual quotes.
)
(/usr/share/texlive/texmf-dist/tex/latex/mh/mathtools.sty
Package: mathtools 2013/02/12 v1.13 mathematical typesetting tools

(/usr/share/texlive/texmf-dist/tex/latex/tools/calc.sty
Package: calc 2007/08/22 v4.3 Infix arithmetic (KKT,FJ)
\calc@Acount=\count356
\calc@Bcount=\count357
\calc@Adimen=\dimen185
\calc@Bdimen=\dimen186
\calc@Askip=\skip78
\calc@Bskip=\skip79
LaTeX Info: Redefining \setlength on input line 76.
LaTeX Info: Redefining \addtolength on input line 77.
\calc@Ccount=\count358
\calc@Cskip=\skip80
)
(/usr/share/texlive/texmf-dist/tex/latex/mh/mhsetup.sty
Package: mhsetup 2010/01/21 v1.2a programming setup (MH)
)
(/usr/share/texlive/texmf-dist/tex/latex/amsmath/amsmath.sty
Package: amsmath 2013/01/14 v2.14 AMS math features
\@mathmargin=\skip81

For additional information on amsmath, use the `?' option.
(/usr/share/texlive/texmf-dist/tex/latex/amsmath/amsbsy.sty
Package: amsbsy 1999/11/29 v1.2d
\pmbraise@=\dimen187
)
(/usr/share/texlive/texmf-dist/tex/latex/amsmath/amsopn.sty
Package: amsopn 1999/12/14 v2.01 operator names
)
\inf@bad=\count359
LaTeX Info: Redefining \frac on input line 210.
\uproot@=\count360
\leftroot@=\count361
LaTeX Info: Redefining \overline on input line 306.
\classnum@=\count362
\DOTSCASE@=\count363
LaTeX Info: Redefining \ldots on input line 378.
LaTeX Info: Redefining \dots on input line 381.
LaTeX Info: Redefining \cdots on input line 466.
\Mathstrutbox@=\box52
\strutbox@=\box53
\big@size=\dimen188
LaTeX Font Info:    Redeclaring font encoding OML on input line 566.
LaTeX Font Info:    Redeclaring font encoding OMS on input line 567.
\macc@depth=\count364
\c@MaxMatrixCols=\count365
\dotsspace@=\muskip17
\c@parentequation=\count366
\dspbrk@lvl=\count367
\tag@help=\toks22
\row@=\count368
\column@=\count369
\maxfields@=\count370
\andhelp@=\toks23
\eqnshift@=\dimen189
\alignsep@=\dimen190
\tagshift@=\dimen191
\tagwidth@=\dimen192
\totwidth@=\dimen193
\lineht@=\dimen194
\@envbody=\toks24
\multlinegap=\skip82
\multlinetaggap=\skip83
\mathdisplay@stack=\toks25
LaTeX Info: Redefining \[ on input line 2665.
LaTeX Info: Redefining \] on input line 2666.
)
LaTeX Info: Thecontrolsequence`\['isalreadyrobust on input line 129.
LaTeX Info: Thecontrolsequence`\]'isalreadyrobust on input line 129.
\g_MT_multlinerow_int=\count371
\l_MT_multwidth_dim=\dimen195
\origjot=\skip84
\l_MT_shortvdotswithinadjustabove_dim=\dimen196
\l_MT_shortvdotswithinadjustbelow_dim=\dimen197
\l_MT_above_intertext_sep=\dimen198
\l_MT_below_intertext_sep=\dimen199
\l_MT_above_shortintertext_sep=\dimen200
\l_MT_below_shortintertext_sep=\dimen201
)
(/usr/share/texlive/texmf-dist/tex/latex/tools/verbatim.sty
Package: verbatim 2003/08/22 v1.5q LaTeX2e package for verbatim enhancements
\every@verbatim=\toks26
\verbatim@line=\toks27
\verbatim@in@stream=\read3
)
(/usr/share/texlive/texmf-dist/tex/latex/caption/subcaption.sty
Package: subcaption 2013/02/03 v1.1-62 Sub-captions (AR)
\c@subfigure=\count372
\c@subtable=\count373
)
(/usr/share/texlive/texmf-dist/tex/latex/float/float.sty
Package: float 2001/11/08 v1.3d Float enhancements (AL)
\c@float@type=\count374
\float@exts=\toks28
\float@box=\box54
\@float@everytoks=\toks29
\@floatcapt=\box55
)
Package scrhack Info: loading float hack on input line 62.

(/usr/share/texlive/texmf-dist/tex/latex/koma-script/float.hak
File: float.hak 2013/12/19 v3.12 KOMA-Script package (hacking package float)

(/usr/share/texlive/texmf-dist/tex/latex/koma-script/tocbasic.sty
Package: tocbasic 2013/12/19 v3.12 KOMA-Script package (handling toc-files)
)
Package scrhack Info: redefining \newfloat on input line 161.
Package scrhack Info: redefining \listof on input line 161.
Package scrhack Info: undefining \float@addtolists on input line 161.
)
(/usr/share/texlive/texmf-dist/tex/latex/graphics/color.sty
Package: color 2005/11/14 v1.0j Standard LaTeX Color (DPC)

(/usr/share/texlive/texmf-dist/tex/latex/latexconfig/color.cfg
File: color.cfg 2007/01/18 v1.5 color configuration of teTeX/TeXLive
)
Package color Info: Driver file: pdftex.def on input line 130.
)
(/usr/share/texlive/texmf-dist/tex/latex/tools/indentfirst.sty
Package: indentfirst 1995/11/23 v1.03 Indent first paragraph (DPC)
)
(/usr/share/texlive/texmf-dist/tex/latex/algorithm2e/algorithm2e.sty
Package: algorithm2e 2013/01/06 v5.00 algorithms environments
\c@AlgoLine=\count375

(/usr/share/texlive/texmf-dist/tex/latex/tools/xspace.sty
Package: xspace 2009/10/20 v1.13 Space after command names (DPC,MH)
)
(/usr/share/texlive/texmf-dist/tex/latex/relsize/relsize.sty
Package: relsize 2013/03/29 ver 4.1
)
********************************************************
Package `algorithm2e' Release 5.0 -- january 06 2013 --
- algorithm2e-announce@lirmm.fr mailing list for announcement about releases
- algorithm2e-discussion@lirmm.fr mailing list for discussion about package
subscribe by emailing sympa@lirmm.fr with 'subscribe <list> <firstname name>'
- Author: Christophe Fiorio (cfiorio@um2.fr)
********************************************************
\skiptotal=\skip85
\skiplinenumber=\skip86
\skiprule=\skip87
\skiphlne=\skip88
\skiptext=\skip89
\skiplength=\skip90
\algomargin=\skip91
\skipalgocfslide=\skip92
Normal \dimen register pool exhausted, switching to extended pool.
\algowidth=\dimen256
\inoutsize=\dimen257
\inoutindent=\dimen258
\interspacetitleruled=\dimen259
\interspacealgoruled=\dimen260
\interspacetitleboxruled=\dimen261
\algocf@inoutbox=\box56
\algocf@inputbox=\box57
\AlCapSkip=\skip93
\AlCapHSkip=\skip94
\algoskipindent=\skip95
\algocf@nlbox=\box58
\algocf@hangingbox=\box59
\algocf@untilbox=\box60
\algocf@skipuntil=\skip96
\algocf@capbox=\box61
\algoheightruledefault=\skip97
\algoheightrule=\skip98
\algotitleheightruledefault=\skip99
\algotitleheightrule=\skip100
\c@algocfline=\count376
\c@algocfproc=\count377
\c@algocf=\count378
\algocf@algoframe=\box62
\algocf@algobox=\box63
) (/usr/share/texlive/texmf-dist/tex/latex/listings/listings.sty
\lst@mode=\count379
\lst@gtempboxa=\box64
\lst@token=\toks30
\lst@length=\count380
\lst@currlwidth=\dimen262
\lst@column=\count381
\lst@pos=\count382
\lst@lostspace=\dimen263
\lst@width=\dimen264
\lst@newlines=\count383
\lst@lineno=\count384
\lst@maxwidth=\dimen265

(/usr/share/texlive/texmf-dist/tex/latex/listings/lstmisc.sty
File: lstmisc.sty 2013/08/26 1.5b (Carsten Heinz)
\c@lstnumber=\count385
\lst@skipnumbers=\count386
\lst@framebox=\box65
)
(/usr/share/texlive/texmf-dist/tex/latex/listings/listings.cfg
File: listings.cfg 2013/08/26 1.5b listings configuration
))
Package scrhack Info: loading listings hack on input line 75.

(/usr/share/texlive/texmf-dist/tex/latex/koma-script/listings.hak
File: listings.hak 2013/12/19 v3.12 KOMA-Script package (hacking package listin
gs)
Package tocbasic Info: setting babel extension for `lol' on input line 137.
Package scrhack Info: redefining \lstlistoflistings on input line 137.
)
Package: listings 2013/08/26 1.5b (Carsten Heinz)

(/usr/share/texlive/texmf-dist/tex/latex/listings/lstlang1.sty
File: lstlang1.sty 2013/08/26 1.5b listings language file
)
Package biblatex Info: Trying to load language 'brazil'...
Package biblatex Info: ... file 'brazil.lbx' found.

(/usr/share/texlive/texmf-dist/tex/latex/biblatex/lbx/brazil.lbx
File: brazil.lbx 2013/11/25 v2.8a biblatex localization (PK/JW/AB)
Package biblatex Info: Trying to load language 'brazilian'...
Package biblatex Info: ... file 'brazilian.lbx' found.

(/usr/share/texlive/texmf-dist/tex/latex/biblatex/lbx/brazilian.lbx
File: brazilian.lbx 2013/11/25 v2.8a biblatex localization (PK/JW/AB)
))
Package csquotes Info: Checking for multilingual support...
Package csquotes Info: ... found 'babel' package.

(./monografia.aux
Package biblatex Info: Trying to load language 'english'...
Package biblatex Info: ... file 'english.lbx' found.

(/usr/share/texlive/texmf-dist/tex/latex/biblatex/lbx/english.lbx
File: english.lbx 2013/11/25 v2.8a biblatex localization (PK/JW/AB)
))
\openout1 = `monografia.aux'.

LaTeX Font Info:    Checking defaults for OML/cmm/m/it on input line 110.
LaTeX Font Info:    ... okay on input line 110.
LaTeX Font Info:    Checking defaults for T1/cmr/m/n on input line 110.
LaTeX Font Info:    ... okay on input line 110.
LaTeX Font Info:    Checking defaults for OT1/cmr/m/n on input line 110.
LaTeX Font Info:    ... okay on input line 110.
LaTeX Font Info:    Checking defaults for OMS/cmsy/m/n on input line 110.
LaTeX Font Info:    ... okay on input line 110.
LaTeX Font Info:    Checking defaults for OMX/cmex/m/n on input line 110.
LaTeX Font Info:    ... okay on input line 110.
LaTeX Font Info:    Checking defaults for U/cmr/m/n on input line 110.
LaTeX Font Info:    ... okay on input line 110.
LaTeX Font Info:    Checking defaults for PD1/pdf/m/n on input line 110.
LaTeX Font Info:    ... okay on input line 110.
LaTeX Font Info:    Checking defaults for PU/pdf/m/n on input line 110.
LaTeX Font Info:    ... okay on input line 110.
Now handling font encoding TS1 ...
... processing UTF-8 mapping file for font encoding TS1

(/usr/share/texlive/texmf-dist/tex/latex/base/ts1enc.dfu
File: ts1enc.dfu 2008/04/05 v1.1m UTF-8 support for inputenc
   defining Unicode char U+00A2 (decimal 162)
   defining Unicode char U+00A3 (decimal 163)
   defining Unicode char U+00A4 (decimal 164)
   defining Unicode char U+00A5 (decimal 165)
   defining Unicode char U+00A6 (decimal 166)
   defining Unicode char U+00A7 (decimal 167)
   defining Unicode char U+00A8 (decimal 168)
   defining Unicode char U+00A9 (decimal 169)
   defining Unicode char U+00AA (decimal 170)
   defining Unicode char U+00AC (decimal 172)
   defining Unicode char U+00AE (decimal 174)
   defining Unicode char U+00AF (decimal 175)
   defining Unicode char U+00B0 (decimal 176)
   defining Unicode char U+00B1 (decimal 177)
   defining Unicode char U+00B2 (decimal 178)
   defining Unicode char U+00B3 (decimal 179)
   defining Unicode char U+00B4 (decimal 180)
   defining Unicode char U+00B5 (decimal 181)
   defining Unicode char U+00B6 (decimal 182)
   defining Unicode char U+00B7 (decimal 183)
   defining Unicode char U+00B9 (decimal 185)
   defining Unicode char U+00BA (decimal 186)
   defining Unicode char U+00BC (decimal 188)
   defining Unicode char U+00BD (decimal 189)
   defining Unicode char U+00BE (decimal 190)
   defining Unicode char U+00D7 (decimal 215)
   defining Unicode char U+00F7 (decimal 247)
   defining Unicode char U+0192 (decimal 402)
   defining Unicode char U+02C7 (decimal 711)
   defining Unicode char U+02D8 (decimal 728)
   defining Unicode char U+02DD (decimal 733)
   defining Unicode char U+0E3F (decimal 3647)
   defining Unicode char U+2016 (decimal 8214)
   defining Unicode char U+2020 (decimal 8224)
   defining Unicode char U+2021 (decimal 8225)
   defining Unicode char U+2022 (decimal 8226)
   defining Unicode char U+2030 (decimal 8240)
   defining Unicode char U+2031 (decimal 8241)
   defining Unicode char U+203B (decimal 8251)
   defining Unicode char U+203D (decimal 8253)
   defining Unicode char U+2044 (decimal 8260)
   defining Unicode char U+204E (decimal 8270)
   defining Unicode char U+2052 (decimal 8274)
   defining Unicode char U+20A1 (decimal 8353)
   defining Unicode char U+20A4 (decimal 8356)
   defining Unicode char U+20A6 (decimal 8358)
   defining Unicode char U+20A9 (decimal 8361)
   defining Unicode char U+20AB (decimal 8363)
   defining Unicode char U+20AC (decimal 8364)
   defining Unicode char U+20B1 (decimal 8369)
   defining Unicode char U+2103 (decimal 8451)
   defining Unicode char U+2116 (decimal 8470)
   defining Unicode char U+2117 (decimal 8471)
   defining Unicode char U+211E (decimal 8478)
   defining Unicode char U+2120 (decimal 8480)
   defining Unicode char U+2122 (decimal 8482)
   defining Unicode char U+2126 (decimal 8486)
   defining Unicode char U+2127 (decimal 8487)
   defining Unicode char U+212E (decimal 8494)
   defining Unicode char U+2190 (decimal 8592)
   defining Unicode char U+2191 (decimal 8593)
   defining Unicode char U+2192 (decimal 8594)
   defining Unicode char U+2193 (decimal 8595)
   defining Unicode char U+2329 (decimal 9001)
   defining Unicode char U+232A (decimal 9002)
   defining Unicode char U+2422 (decimal 9250)
   defining Unicode char U+25E6 (decimal 9702)
   defining Unicode char U+25EF (decimal 9711)
   defining Unicode char U+266A (decimal 9834)
)
(/usr/share/texmf/tex/latex/beamer/base/translator/dicts/translator-basic-dicti
onary/translator-basic-dictionary-English.dict
Dictionary: translator-basic-dictionary, Language: English 
)
(/usr/share/texmf/tex/latex/beamer/base/translator/dicts/translator-basic-dicti
onary/translator-basic-dictionary-Brazilian.dict
Dictionary: translator-basic-dictionary, Language: brazil 
)
(/usr/share/texlive/texmf-dist/tex/latex/siunitx/config/siunitx-abbreviations.c
fg
File: siunitx-abbreviations.cfg 2013/07/31 v2.5s siunitx: Abbreviated units
) (/usr/share/texlive/texmf-dist/tex/context/base/supp-pdf.mkii
[Loading MPS to PDF converter (version 2006.09.02).]
\scratchcounter=\count387
\scratchdimen=\dimen266
\scratchbox=\box66
\nofMPsegments=\count388
\nofMParguments=\count389
\everyMPshowfont=\toks31
\MPscratchCnt=\count390
\MPscratchDim=\dimen267
\MPnumerator=\count391
\makeMPintoPDFobject=\count392
\everyMPtoPDFconversion=\toks32
) (/usr/share/texlive/texmf-dist/tex/latex/oberdiek/epstopdf-base.sty
Package: epstopdf-base 2010/02/09 v2.5 Base part for package epstopdf

(/usr/share/texlive/texmf-dist/tex/latex/oberdiek/grfext.sty
Package: grfext 2010/08/19 v1.1 Manage graphics extensions (HO)
)
Package grfext Info: Graphics extension search list:
(grfext)             [.png,.pdf,.jpg,.mps,.jpeg,.jbig2,.jb2,.PNG,.PDF,.JPG,.JPE
G,.JBIG2,.JB2,.eps]
(grfext)             \AppendGraphicsExtensions on input line 452.

(/usr/share/texlive/texmf-dist/tex/latex/latexconfig/epstopdf-sys.cfg
File: epstopdf-sys.cfg 2010/07/13 v1.3 Configuration of (r)epstopdf for TeX Liv
e
))
Package caption Info: Begin \AtBeginDocument code.
Package caption Info: float package is loaded.
Package caption Info: hyperref package is loaded.
Package caption Info: listings package is loaded.
Package caption Info: End \AtBeginDocument code.

*geometry* driver: auto-detecting
*geometry* detected driver: pdftex
*geometry* verbose mode - [ preamble ] result:
* driver: pdftex
* paper: a4paper
* layout: <same size as paper>
* layoutoffset:(h,v)=(0.0pt,0.0pt)
* modes: includehead includefoot twoside 
* h-part:(L,W,R)=(108.405pt, 416.83289pt, 72.26999pt)
* v-part:(T,H,B)=(43.36243pt, 743.86821pt, 57.81621pt)
* \paperwidth=597.50787pt
* \paperheight=845.04684pt
* \textwidth=416.83289pt
* \textheight=675.80072pt
* \oddsidemargin=36.13501pt
* \evensidemargin=0.0pt
* \topmargin=-28.90756pt
* \headheight=20.0pt
* \headsep=18.06749pt
* \topskip=12.0pt
* \footskip=30.0pt
* \marginparwidth=98.0pt
* \marginparsep=7.0pt
* \columnsep=10.0pt
* \skip\footins=10.8pt plus 4.0pt minus 2.0pt
* \hoffset=0.0pt
* \voffset=0.0pt
* \mag=1000
* \@twocolumnfalse
* \@twosidetrue
* \@mparswitchtrue
* \@reversemarginfalse
* (1in=72.27pt=25.4mm, 1cm=28.453pt)

Package scrbase Info: activating brazil \equationnamenname on input line 110.
Package scrbase Info: activating brazil \sectionname on input line 110.
Package scrbase Info: activating brazil \byname on input line 110.
Package scrbase Info: activating brazil \@title on input line 110.
Package scrbase Info: activating brazil \abbrevname on input line 110.
Package scrbase Info: activating brazil \constantsname on input line 110.
Package scrbase Info: activating brazil \acknowledgementname on input line 110.

\AtBeginShipoutBox=\box67
Package hyperref Info: Link coloring ON on input line 110.
(/usr/share/texlive/texmf-dist/tex/latex/hyperref/nameref.sty
Package: nameref 2012/10/27 v2.43 Cross-referencing by name of section

(/usr/share/texlive/texmf-dist/tex/generic/oberdiek/gettitlestring.sty
Package: gettitlestring 2010/12/03 v1.4 Cleanup title references (HO)
)
\c@section@level=\count393
)
LaTeX Info: Redefining \ref on input line 110.
LaTeX Info: Redefining \pageref on input line 110.
LaTeX Info: Redefining \nameref on input line 110.

(./monografia.out) (./monografia.out)
\@outlinefile=\write4
\openout4 = `monografia.out'.

Package biblatex Info: Input encoding 'utf8' detected.
Package biblatex Info: Automatic encoding selection.
(biblatex)             Assuming data encoding 'utf8'.


Package biblatex Warning: Data encoding is 'utf8'.
(biblatex)                Use backend=biber.

\openout3 = `monografia-blx.bib'.

Package biblatex Info: Trying to load bibliographic data...
Package biblatex Info: ... file 'monografia.bbl' found.
(./monografia.bbl)
Package biblatex Info: Reference section=0 on input line 110.
Package biblatex Info: Reference segment=0 on input line 110.
\c@lstlisting=\count394
Package scrhack Info: undefining \float@addtolists on input line 110.
\c__siunitx_mathsf_int=\count395
\c__siunitx_mathtt_int=\count396
Package babel Info: Redefining portuges shorthand "|
(babel)             in language  on input line 175.
 [1



{/var/lib/texmf/fonts/map/pdftex/updmap/pdftex.map}]
Package babel Info: Redefining portuges shorthand "|
(babel)             in language  on input line 198.

[2

]
Package babel Info: Redefining portuges shorthand "|
(babel)             in language  on input line 251.
 [1]
Package babel Info: Redefining portuges shorthand "|
(babel)             in language  on input line 253.
 [2

]
Package babel Info: Redefining portuges shorthand "|
(babel)             in language  on input line 301.
 [3]
Package babel Info: Redefining portuges shorthand "|
(babel)             in language  on input line 301.
 [4

]
--------------------
 Resumo
--------------------
Package babel Info: Redefining portuges shorthand "|
(babel)             in language  on input line 307.
[5

] [6

]
--------------------
 Abstract
--------------------
Package babel Info: Redefining portuges shorthand "|
(babel)             in language  on input line 332.
[7]
Package babel Info: Redefining portuges shorthand "|
(babel)             in language  on input line 332.
 [8

]
--------------------
 Agradecimentos
--------------------
Package babel Info: Redefining portuges shorthand "|
(babel)             in language  on input line 333.
LaTeX Font Info:    Try loading font information for OMS+cmr on input line 336.

(/usr/share/texlive/texmf-dist/tex/latex/base/omscmr.fd
File: omscmr.fd 1999/05/25 v2.5h Standard LaTeX font definitions
)
LaTeX Font Info:    Font shape `OMS/cmr/m/n' in size <12> not available
(Font)              Font shape `OMS/cmsy/m/n' tried instead on input line 336.
Package babel Info: Redefining portuges shorthand "|
(babel)             in language  on input line 354.
 [9]
Package babel Info: Redefining portuges shorthand "|
(babel)             in language  on input line 354.
 [10

]
(./monografia.toc
Package babel Info: Redefining portuges shorthand "|
(babel)             in language  on input line 38.
 [11])
\tf@toc=\write5
\openout5 = `monografia.toc'.

Package babel Info: Redefining portuges shorthand "|
(babel)             in language  on input line 356.
 [12]
Package babel Info: Redefining portuges shorthand "|
(babel)             in language  on input line 356.
 (./monografia.lof)
\tf@lof=\write6
\openout6 = `monografia.lof'.

Package babel Info: Redefining portuges shorthand "|
(babel)             in language  on input line 358.
 [13

]
Package babel Info: Redefining portuges shorthand "|
(babel)             in language  on input line 358.
 [14

]
Package babel Info: Redefining portuges shorthand "|
(babel)             in language  on input line 358.
 (./monografia.lot)
\tf@lot=\write7
\openout7 = `monografia.lot'.

Package babel Info: Redefining portuges shorthand "|
(babel)             in language  on input line 405.

[15]
Package babel Info: Redefining portuges shorthand "|
(babel)             in language  on input line 405.
 [16

]
--------------------
 Dedicatory
--------------------
Package babel Info: Redefining portuges shorthand "|
(babel)             in language  on input line 411.
[17]
Package babel Info: Redefining portuges shorthand "|
(babel)             in language  on input line 411.
 [18

] (./Capitulos/introA.tex
Cap\'{\i }tulo 1.
Package babel Info: Redefining portuges shorthand "|
(babel)             in language  on input line 3.
--------------------
 1. Introdu\c {c}\IeC {\~a}o
--------------------
Package babel Info: Redefining portuges shorthand "|
(babel)             in language  on input line 27.
[1

]
Package babel Info: Redefining portuges shorthand "|
(babel)             in language  on input line 43.
Package babel Info: Redefining portuges shorthand "|
(babel)             in language  on input line 48.
Package babel Info: Redefining portuges shorthand "|
(babel)             in language  on input line 51.
 [2]
Package babel Info: Redefining portuges shorthand "|
(babel)             in language  on input line 56.
Package babel Info: Redefining portuges shorthand "|
(babel)             in language  on input line 88.
 [3]
Package babel Info: Redefining portuges shorthand "|
(babel)             in language  on input line 90.
Package babel Info: Redefining portuges shorthand "|
(babel)             in language  on input line 106.
 [4]
Package babel Info: Redefining portuges shorthand "|
(babel)             in language  on input line 130.
Package babel Info: Redefining portuges shorthand "|
(babel)             in language  on input line 133.
 [5]
Package babel Info: Redefining portuges shorthand "|
(babel)             in language  on input line 158.
Package babel Info: Redefining portuges shorthand "|
(babel)             in language  on input line 165.
 [6]
Package babel Info: Redefining portuges shorthand "|
(babel)             in language  on input line 168.
Package babel Info: Redefining portuges shorthand "|
(babel)             in language  on input line 181.
Package babel Info: Redefining portuges shorthand "|
(babel)             in language  on input line 184.
 [7]
Package babel Info: Redefining portuges shorthand "|
(babel)             in language  on input line 199.
Package babel Info: Redefining portuges shorthand "|
(babel)             in language  on input line 205.
Package babel Info: Redefining portuges shorthand "|
(babel)             in language  on input line 209.
 [8]
<figuras/0018_curva.png, id=571, 578.16pt x 433.62pt>
File: figuras/0018_curva.png Graphic file (type png)

<use figuras/0018_curva.png>
Package pdftex.def Info: figuras/0018_curva.png used on input line 212.
(pdftex.def)             Requested size: 291.78174pt x 218.8341pt.
Package babel Info: Redefining portuges shorthand "|
(babel)             in language  on input line 218.

<figuras/0018_correct.png, id=573, 578.16pt x 433.62pt>
File: figuras/0018_correct.png Graphic file (type png)

<use figuras/0018_correct.png>
Package pdftex.def Info: figuras/0018_correct.png used on input line 231.
(pdftex.def)             Requested size: 208.41644pt x 156.30818pt.

<figuras/0018_wrong.png, id=574, 578.16pt x 433.62pt>
File: figuras/0018_wrong.png Graphic file (type png)

<use figuras/0018_wrong.png>
Package pdftex.def Info: figuras/0018_wrong.png used on input line 237.
(pdftex.def)             Requested size: 208.41644pt x 156.30818pt.
Package babel Info: Redefining portuges shorthand "|
(babel)             in language  on input line 243.
 [9 <./figuras/0018_curva.png>]
Package babel Info: Redefining portuges shorthand "|
(babel)             in language  on input line 250.
Package babel Info: Redefining portuges shorthand "|
(babel)             in language  on input line 278.
Package babel Info: Redefining portuges shorthand "|
(babel)             in language  on input line 281.
 [10 <./figuras/0018_correct.png> <./figuras/0018_wrong.png>]
<figuras/hr_diagrama.png, id=593, 794.97pt x 614.295pt>
File: figuras/hr_diagrama.png Graphic file (type png)

<use figuras/hr_diagrama.png>
Package pdftex.def Info: figuras/hr_diagrama.png used on input line 284.
(pdftex.def)             Requested size: 416.83289pt x 322.10664pt.
LaTeX Font Info:    Try loading font information for T1+cmtt on input line 285.


(/usr/share/texlive/texmf-dist/tex/latex/base/t1cmtt.fd
File: t1cmtt.fd 1999/05/25 v2.5h Standard LaTeX font definitions
)
Underfull \hbox (badness 1521) in paragraph at lines 285--285
 \T1/cmr/m/n/10.95 a tem-pe-ra-tura su-per-fi-cial da es-trela e por con-ven-
o cresce 
 []


Underfull \hbox (badness 1009) in paragraph at lines 285--285
 \T1/cmr/m/n/10.95 da es-trela, quanto mais para o topo do di-a-grama, maior o 

 []

Package babel Info: Redefining portuges shorthand "|
(babel)             in language  on input line 293.
[11] <figuras/variability_hr_diagram.png, id=604, 683.55376pt x 711.65875pt>
File: figuras/variability_hr_diagram.png Graphic file (type png)

<use figuras/variability_hr_diagram.png>
Package pdftex.def Info: figuras/variability_hr_diagram.png used on input line 
297.
(pdftex.def)             Requested size: 416.83289pt x 433.9809pt.
Package babel Info: Redefining portuges shorthand "|
(babel)             in language  on input line 302.
Package babel Info: Redefining portuges shorthand "|
(babel)             in language  on input line 307.
 [12 <./figuras/hr_diagrama.png>]
Package babel Info: Redefining portuges shorthand "|
(babel)             in language  on input line 307.

[13 <./figuras/variability_hr_diagram.png>]
Package babel Info: Redefining portuges shorthand "|
(babel)             in language  on input line 312.
Package babel Info: Redefining portuges shorthand "|
(babel)             in language  on input line 316.
 [14]
<figuras/pulsacao_1d_corda_fu.png, id=626, 462.528pt x 361.35pt>
File: figuras/pulsacao_1d_corda_fu.png Graphic file (type png)

<use figuras/pulsacao_1d_corda_fu.png>
Package pdftex.def Info: figuras/pulsacao_1d_corda_fu.png used on input line 32
3.
(pdftex.def)             Requested size: 137.5556pt x 107.46298pt.

<figuras/pulsacao_1d_corda_FO.png, id=627, 462.528pt x 361.35pt>
File: figuras/pulsacao_1d_corda_FO.png Graphic file (type png)

<use figuras/pulsacao_1d_corda_FO.png>
Package pdftex.def Info: figuras/pulsacao_1d_corda_FO.png used on input line 32
9.
(pdftex.def)             Requested size: 137.5556pt x 107.46298pt.

<figuras/pulsacao_1d_corda_SO.png, id=628, 462.528pt x 361.35pt>
File: figuras/pulsacao_1d_corda_SO.png Graphic file (type png)

<use figuras/pulsacao_1d_corda_SO.png>
Package pdftex.def Info: figuras/pulsacao_1d_corda_SO.png used on input line 33
5.
(pdftex.def)             Requested size: 137.5556pt x 107.46298pt.
Package babel Info: Redefining portuges shorthand "|
(babel)             in language  on input line 343.
Package babel Info: Redefining portuges shorthand "|
(babel)             in language  on input line 348.
 [15 <./figuras/pulsacao_1d_corda_fu.png> <./figuras/pulsacao_1d_corda_FO.png> 
<./figuras/pulsacao_1d_corda_SO.png>]
<figuras/pulsacao_1d_sopro_FU.png, id=639, 462.528pt x 361.35pt>
File: figuras/pulsacao_1d_sopro_FU.png Graphic file (type png)

<use figuras/pulsacao_1d_sopro_FU.png>
Package pdftex.def Info: figuras/pulsacao_1d_sopro_FU.png used on input line 35
5.
(pdftex.def)             Requested size: 137.5556pt x 107.46298pt.

<figuras/pulsacao_1d_sopro_FO.png, id=640, 462.528pt x 361.35pt>
File: figuras/pulsacao_1d_sopro_FO.png Graphic file (type png)

<use figuras/pulsacao_1d_sopro_FO.png>
Package pdftex.def Info: figuras/pulsacao_1d_sopro_FO.png used on input line 36
1.
(pdftex.def)             Requested size: 137.5556pt x 107.46298pt.

<figuras/pulsacao_1d_sopro_SO.png, id=641, 462.528pt x 361.35pt>
File: figuras/pulsacao_1d_sopro_SO.png Graphic file (type png)

<use figuras/pulsacao_1d_sopro_SO.png>
Package pdftex.def Info: figuras/pulsacao_1d_sopro_SO.png used on input line 36
7.
(pdftex.def)             Requested size: 137.5556pt x 107.46298pt.
Package babel Info: Redefining portuges shorthand "|
(babel)             in language  on input line 375.

<figuras/pulsacao_2d_radial_FU.pdf, id=643, 642.4pt x 642.4pt>
File: figuras/pulsacao_2d_radial_FU.pdf Graphic file (type pdf)

<use figuras/pulsacao_2d_radial_FU.pdf>
Package pdftex.def Info: figuras/pulsacao_2d_radial_FU.pdf used on input line 3
85.
(pdftex.def)             Requested size: 137.5556pt x 137.55458pt.

<figuras/pulsacao_2d_radial_FO.pdf, id=644, 642.4pt x 642.4pt>
File: figuras/pulsacao_2d_radial_FO.pdf Graphic file (type pdf)

<use figuras/pulsacao_2d_radial_FO.pdf>
Package pdftex.def Info: figuras/pulsacao_2d_radial_FO.pdf used on input line 3
91.
(pdftex.def)             Requested size: 137.5556pt x 137.55458pt.

<figuras/pulsacao_2d_radial_SO.pdf, id=645, 642.4pt x 642.4pt>
File: figuras/pulsacao_2d_radial_SO.pdf Graphic file (type pdf)

<use figuras/pulsacao_2d_radial_SO.pdf>
Package pdftex.def Info: figuras/pulsacao_2d_radial_SO.pdf used on input line 3
97.
(pdftex.def)             Requested size: 137.5556pt x 137.55458pt.
Package babel Info: Redefining portuges shorthand "|
(babel)             in language  on input line 406.
 [16 <./figuras/pulsacao_1d_sopro_FU.png> <./figuras/pulsacao_1d_sopro_FO.png> 
<./figuras/pulsacao_1d_sopro_SO.png>]
<figuras/pulsacao_2d_naoradial_FU.pdf, id=654, 642.4pt x 642.4pt>
File: figuras/pulsacao_2d_naoradial_FU.pdf Graphic file (type pdf)

<use figuras/pulsacao_2d_naoradial_FU.pdf>
Package pdftex.def Info: figuras/pulsacao_2d_naoradial_FU.pdf used on input lin
e 411.
(pdftex.def)             Requested size: 137.5556pt x 137.55458pt.

<figuras/pulsacao_2d_naoradial_FO.pdf, id=655, 642.4pt x 642.4pt>
File: figuras/pulsacao_2d_naoradial_FO.pdf Graphic file (type pdf)

<use figuras/pulsacao_2d_naoradial_FO.pdf>
Package pdftex.def Info: figuras/pulsacao_2d_naoradial_FO.pdf used on input lin
e 418.
(pdftex.def)             Requested size: 137.5556pt x 137.55458pt.

<figuras/pulsacao_2d_naoradial_SO.pdf, id=656, 642.4pt x 642.4pt>
File: figuras/pulsacao_2d_naoradial_SO.pdf Graphic file (type pdf)

<use figuras/pulsacao_2d_naoradial_SO.pdf>
Package pdftex.def Info: figuras/pulsacao_2d_naoradial_SO.pdf used on input lin
e 429.
(pdftex.def)             Requested size: 137.5556pt x 137.55458pt.


LaTeX Warning: `h' float specifier changed to `ht'.

Package babel Info: Redefining portuges shorthand "|
(babel)             in language  on input line 433.
Package babel Info: Redefining portuges shorthand "|
(babel)             in language  on input line 437.
[17 <./figuras/pulsacao_2d_radial_FU.pdf> <./figuras/pulsacao_2d_radial_FO.pdf

pdfTeX warning: pdflatex (file ./figuras/pulsacao_2d_radial_FO.pdf): PDF inclus
ion: multiple pdfs with page group included in a single page
> <./figuras/pulsacao_2d_radial_SO.pdf

pdfTeX warning: pdflatex (file ./figuras/pulsacao_2d_radial_SO.pdf): PDF inclus
ion: multiple pdfs with page group included in a single page
> <./figuras/pulsacao_2d_naoradial_FU.pdf

pdfTeX warning: pdflatex (file ./figuras/pulsacao_2d_naoradial_FU.pdf): PDF inc
lusion: multiple pdfs with page group included in a single page
> <./figuras/pulsacao_2d_naoradial_FO.pdf

pdfTeX warning: pdflatex (file ./figuras/pulsacao_2d_naoradial_FO.pdf): PDF inc
lusion: multiple pdfs with page group included in a single page
>]
Overfull \hbox (8.37633pt too wide) in paragraph at lines 447--449
\T1/cmr/m/n/12 onde $\OML/cmm/m/it/12 P[]\OT1/cmr/m/n/12 ([] \OML/cmm/m/it/12 ^
^R\OT1/cmr/m/n/12 )$ \T1/cmr/m/n/12 so po-lin-mios de Le-gen-dre da-dos por (
[]Aerts, Christensen-Dalsgaard
 []

Package babel Info: Redefining portuges shorthand "|
(babel)             in language  on input line 451.
[18 <./figuras/pulsacao_2d_naoradial_SO.pdf>]
Package babel Info: Redefining portuges shorthand "|
(babel)             in language  on input line 454.

<figuras/3d_l3m0.png, id=717, 244.915pt x 261.97874pt>
File: figuras/3d_l3m0.png Graphic file (type png)

<use figuras/3d_l3m0.png>
Package pdftex.def Info: figuras/3d_l3m0.png used on input line 470.
(pdftex.def)             Requested size: 146.95012pt x 157.18845pt.

<figuras/3d_l3m1.png, id=718, 235.88126pt x 241.90375pt>
File: figuras/3d_l3m1.png Graphic file (type png)

<use figuras/3d_l3m1.png>
Package pdftex.def Info: figuras/3d_l3m1.png used on input line 476.
(pdftex.def)             Requested size: 141.52983pt x 145.14336pt.

<figuras/3d_l3m2.png, id=719, 235.88126pt x 241.90375pt>
File: figuras/3d_l3m2.png Graphic file (type png)

<use figuras/3d_l3m2.png>
Package pdftex.def Info: figuras/3d_l3m2.png used on input line 482.
(pdftex.def)             Requested size: 141.52983pt x 145.14336pt.

<figuras/3d_l3m3.png, id=720, 235.88126pt x 241.90375pt>
File: figuras/3d_l3m3.png Graphic file (type png)

<use figuras/3d_l3m3.png>
Package pdftex.def Info: figuras/3d_l3m3.png used on input line 488.
(pdftex.def)             Requested size: 141.52983pt x 145.14336pt.
Package babel Info: Redefining portuges shorthand "|
(babel)             in language  on input line 496.
Package babel Info: Redefining portuges shorthand "|
(babel)             in language  on input line 515.
Package babel Info: Redefining portuges shorthand "|
(babel)             in language  on input line 519.
 [19]
Package babel Info: Redefining portuges shorthand "|
(babel)             in language  on input line 519.
 [20 <./figuras/3d_l3m0.png> <./figuras/3d_l3m1.png> <./figuras/3d_l3m2.png> <.
/figuras/3d_l3m3.png>]
Package babel Info: Redefining portuges shorthand "|
(babel)             in language  on input line 526.
Package babel Info: Redefining portuges shorthand "|
(babel)             in language  on input line 530.
 [21]
Package babel Info: Redefining portuges shorthand "|
(babel)             in language  on input line 532.
Package babel Info: Redefining portuges shorthand "|
(babel)             in language  on input line 540.
 [22]
Package babel Info: Redefining portuges shorthand "|
(babel)             in language  on input line 544.
Package babel Info: Redefining portuges shorthand "|
(babel)             in language  on input line 552.
Package babel Info: Redefining portuges shorthand "|
(babel)             in language  on input line 555.
 [23]
Package babel Info: Redefining portuges shorthand "|
(babel)             in language  on input line 559.
)
(./Capitulos/justificativa.tex
Package babel Info: Redefining portuges shorthand "|
(babel)             in language  on input line 4.
 [24]
Package babel Info: Redefining portuges shorthand "|
(babel)             in language  on input line 4.
 [25]
Package babel Info: Redefining portuges shorthand "|
(babel)             in language  on input line 4.
 [26

]
Cap\'{\i }tulo 2.
Package babel Info: Redefining portuges shorthand "|
(babel)             in language  on input line 4.
--------------------
 2. Estrelas Vari\IeC {\'a}veis
--------------------
<figuras/variability_tree.png, id=775, 1024.82875pt x 704.6325pt>
File: figuras/variability_tree.png Graphic file (type png)

<use figuras/variability_tree.png>
Package pdftex.def Info: figuras/variability_tree.png used on input line 13.
(pdftex.def)             Requested size: 416.83289pt x 286.60031pt.
Package babel Info: Redefining portuges shorthand "|
(babel)             in language  on input line 30.
Package babel Info: Redefining portuges shorthand "|
(babel)             in language  on input line 34.
Package babel Info: Redefining portuges shorthand "|
(babel)             in language  on input line 37.
 [27]
<figuras/binary.png, id=782, 578.16pt x 433.62pt>
File: figuras/binary.png Graphic file (type png)
 <use figuras/binary.png>
Package pdftex.def Info: figuras/binary.png used on input line 44.
(pdftex.def)             Requested size: 208.41644pt x 156.30818pt.

<figuras/kepler6b.png, id=783, 578.16pt x 433.62pt>
File: figuras/kepler6b.png Graphic file (type png)
 <use figuras/kepler6b.png>
Package pdftex.def Info: figuras/kepler6b.png used on input line 50.
(pdftex.def)             Requested size: 208.41644pt x 156.30818pt.
Package babel Info: Redefining portuges shorthand "|
(babel)             in language  on input line 56.

[28 <./figuras/variability_tree.png>]
Package babel Info: Redefining portuges shorthand "|
(babel)             in language  on input line 59.
Package babel Info: Redefining portuges shorthand "|
(babel)             in language  on input line 64.
Package babel Info: Redefining portuges shorthand "|
(babel)             in language  on input line 68.
Package babel Info: Redefining portuges shorthand "|
(babel)             in language  on input line 71.
 [29 <./figuras/binary.png> <./figuras/kepler6b.png>]
Package babel Info: Redefining portuges shorthand "|
(babel)             in language  on input line 72.
 <figuras/sn2011a.png, id=796, 578.16pt x 433.62pt>
File: figuras/sn2011a.png Graphic file (type png)

<use figuras/sn2011a.png>
Package pdftex.def Info: figuras/sn2011a.png used on input line 80.
(pdftex.def)             Requested size: 208.41644pt x 156.30818pt.
Package babel Info: Redefining portuges shorthand "|
(babel)             in language  on input line 88.
 [30]
Package babel Info: Redefining portuges shorthand "|
(babel)             in language  on input line 89.
Package babel Info: Redefining portuges shorthand "|
(babel)             in language  on input line 93.
Package babel Info: Redefining portuges shorthand "|
(babel)             in language  on input line 96.
 [31 <./figuras/sn2011a.png>]
File: figuras/0018_correct.png Graphic file (type png)

<use figuras/0018_correct.png>
Package pdftex.def Info: figuras/0018_correct.png used on input line 101.
(pdftex.def)             Requested size: 208.41644pt x 156.30818pt.

<figuras/type2Cep.png, id=808, 578.16pt x 433.62pt>
File: figuras/type2Cep.png Graphic file (type png)
 <use figuras/type2Cep.png>
Package pdftex.def Info: figuras/type2Cep.png used on input line 107.
(pdftex.def)             Requested size: 208.41644pt x 156.30818pt.
Package babel Info: Redefining portuges shorthand "|
(babel)             in language  on input line 118.

[32 <./figuras/type2Cep.png>]
Package babel Info: Redefining portuges shorthand "|
(babel)             in language  on input line 120.

<figuras/rrlyrAB.png, id=815, 578.16pt x 433.62pt>
File: figuras/rrlyrAB.png Graphic file (type png)
 <use figuras/rrlyrAB.png>
Package pdftex.def Info: figuras/rrlyrAB.png used on input line 128.
(pdftex.def)             Requested size: 208.41644pt x 156.30818pt.

<figuras/rrlyrC.png, id=816, 578.16pt x 433.62pt>
File: figuras/rrlyrC.png Graphic file (type png)
 <use figuras/rrlyrC.png>
Package pdftex.def Info: figuras/rrlyrC.png used on input line 134.
(pdftex.def)             Requested size: 208.41644pt x 156.30818pt.
Package babel Info: Redefining portuges shorthand "|
(babel)             in language  on input line 146.

[33 <./figuras/rrlyrAB.png> <./figuras/rrlyrC.png>]
Package babel Info: Redefining portuges shorthand "|
(babel)             in language  on input line 148.
Package babel Info: Redefining portuges shorthand "|
(babel)             in language  on input line 150.
Package babel Info: Redefining portuges shorthand "|
(babel)             in language  on input line 163.
 [34]
Package babel Info: Redefining portuges shorthand "|
(babel)             in language  on input line 164.
Package babel Info: Redefining portuges shorthand "|
(babel)             in language  on input line 185.
 [35]
Package babel Info: Redefining portuges shorthand "|
(babel)             in language  on input line 208.
 [36])
(./Capitulos/metodologia.tex
Package babel Info: Redefining portuges shorthand "|
(babel)             in language  on input line 2.
 [37]
Package babel Info: Redefining portuges shorthand "|
(babel)             in language  on input line 2.
 [38

]
Cap\'{\i }tulo 3.
Package babel Info: Redefining portuges shorthand "|
(babel)             in language  on input line 2.
--------------------
 3. Metodologia
--------------------
Package babel Info: Redefining portuges shorthand "|
(babel)             in language  on input line 104.
Package babel Info: Redefining portuges shorthand "|
(babel)             in language  on input line 109.
[39] <figuras/esp_fase_correto.png, id=870, 578.16pt x 433.62pt>
File: figuras/esp_fase_correto.png Graphic file (type png)

<use figuras/esp_fase_correto.png>
Package pdftex.def Info: figuras/esp_fase_correto.png used on input line 115.
(pdftex.def)             Requested size: 208.41644pt x 156.30818pt.

<figuras/esp_fase_errado.png, id=871, 578.16pt x 433.62pt>
File: figuras/esp_fase_errado.png Graphic file (type png)

<use figuras/esp_fase_errado.png>
Package pdftex.def Info: figuras/esp_fase_errado.png used on input line 121.
(pdftex.def)             Requested size: 208.41644pt x 156.30818pt.
Package babel Info: Redefining portuges shorthand "|
(babel)             in language  on input line 135.
 [40 <./figuras/esp_fase_correto.png> <./figuras/esp_fase_errado.png>]
Package babel Info: Redefining portuges shorthand "|
(babel)             in language  on input line 137.

<figuras/esp_fase_1dia.png, id=883, 578.16pt x 433.62pt>
File: figuras/esp_fase_1dia.png Graphic file (type png)

<use figuras/esp_fase_1dia.png>
Package pdftex.def Info: figuras/esp_fase_1dia.png used on input line 142.
(pdftex.def)             Requested size: 208.41644pt x 156.30818pt.
Package babel Info: Redefining portuges shorthand "|
(babel)             in language  on input line 149.
 [41 <./figuras/esp_fase_1dia.png>]
Package babel Info: Redefining portuges shorthand "|
(babel)             in language  on input line 216.
Package babel Info: Redefining portuges shorthand "|
(babel)             in language  on input line 219.
 [42]
Package babel Info: Redefining portuges shorthand "|
(babel)             in language  on input line 247.
Package babel Info: Redefining portuges shorthand "|
(babel)             in language  on input line 250.

[43]
Package babel Info: Redefining portuges shorthand "|
(babel)             in language  on input line 286.
Package babel Info: Redefining portuges shorthand "|
(babel)             in language  on input line 289.
 [44]) (./Capitulos/resultados.tex
Package babel Info: Redefining portuges shorthand "|
(babel)             in language  on input line 2.
 [45]
Package babel Info: Redefining portuges shorthand "|
(babel)             in language  on input line 2.
 [46

]
Cap\'{\i }tulo 4.
Package babel Info: Redefining portuges shorthand "|
(babel)             in language  on input line 2.
--------------------
 4. Resultados e Discuss\IeC {\~a}o
--------------------
Package babel Info: Redefining portuges shorthand "|
(babel)             in language  on input line 7.
Package babel Info: Redefining portuges shorthand "|
(babel)             in language  on input line 33.
[47]
Package babel Info: Redefining portuges shorthand "|
(babel)             in language  on input line 36.
 <figuras/hist_ti.png, id=961, 578.16pt x 433.62pt>
File: figuras/hist_ti.png Graphic file (type png)

<use figuras/hist_ti.png>
Package pdftex.def Info: figuras/hist_ti.png used on input line 46.
(pdftex.def)             Requested size: 208.41644pt x 156.30818pt.
 <figuras/hist_tf.png, id=962, 578.16pt x 433.62pt>
File: figuras/hist_tf.png Graphic file (type png)

<use figuras/hist_tf.png>
Package pdftex.def Info: figuras/hist_tf.png used on input line 52.
(pdftex.def)             Requested size: 208.41644pt x 156.30818pt.
Package babel Info: Redefining portuges shorthand "|
(babel)             in language  on input line 61.
 [48 <./figuras/hist_ti.png> <./figuras/hist_tf.png>]
<figuras/hist_n.png, id=971, 578.16pt x 433.62pt>
File: figuras/hist_n.png Graphic file (type png)
 <use figuras/hist_n.png>
Package pdftex.def Info: figuras/hist_n.png used on input line 72.
(pdftex.def)             Requested size: 250.10226pt x 187.57115pt.
Package babel Info: Redefining portuges shorthand "|
(babel)             in language  on input line 79.

[49 <./figuras/hist_n.png>]
<figuras/dado_sintetico_0_ruido_1_amos.png, id=983, 578.16pt x 433.62pt>
File: figuras/dado_sintetico_0_ruido_1_amos.png Graphic file (type png)

<use figuras/dado_sintetico_0_ruido_1_amos.png>
Package pdftex.def Info: figuras/dado_sintetico_0_ruido_1_amos.png used on inpu
t line 84.
(pdftex.def)             Requested size: 208.41644pt x 156.30818pt.

<figuras/dado_sintetico_0_ruido_2_amos.png, id=984, 578.16pt x 433.62pt>
File: figuras/dado_sintetico_0_ruido_2_amos.png Graphic file (type png)

<use figuras/dado_sintetico_0_ruido_2_amos.png>
Package pdftex.def Info: figuras/dado_sintetico_0_ruido_2_amos.png used on inpu
t line 90.
(pdftex.def)             Requested size: 208.41644pt x 156.30818pt.

<figuras/dado_sintetico_0_ruido_0_25_amos.png, id=985, 578.16pt x 433.62pt>
File: figuras/dado_sintetico_0_ruido_0_25_amos.png Graphic file (type png)

<use figuras/dado_sintetico_0_ruido_0_25_amos.png>
Package pdftex.def Info: figuras/dado_sintetico_0_ruido_0_25_amos.png used on i
nput line 97.
(pdftex.def)             Requested size: 208.41644pt x 156.30818pt.

<figuras/dado_sintetico_0_ruido_0_5_amos.png, id=986, 578.16pt x 433.62pt>
File: figuras/dado_sintetico_0_ruido_0_5_amos.png Graphic file (type png)

<use figuras/dado_sintetico_0_ruido_0_5_amos.png>
Package pdftex.def Info: figuras/dado_sintetico_0_ruido_0_5_amos.png used on in
put line 103.
(pdftex.def)             Requested size: 208.41644pt x 156.30818pt.
Package babel Info: Redefining portuges shorthand "|
(babel)             in language  on input line 117.
 [50 <./figuras/dado_sintetico_0_ruido_1_amos.png> <./figuras/dado_sintetico_0_
ruido_2_amos.png> <./figuras/dado_sintetico_0_ruido_0_25_amos.png> <./figuras/d
ado_sintetico_0_ruido_0_5_amos.png>] <figuras/ce_inshow.png, id=1000, 578.16pt 
x 433.62pt>
File: figuras/ce_inshow.png Graphic file (type png)

<use figuras/ce_inshow.png>
Package pdftex.def Info: figuras/ce_inshow.png used on input line 125.
(pdftex.def)             Requested size: 462.52863pt x 346.89647pt.
Package babel Info: Redefining portuges shorthand "|
(babel)             in language  on input line 131.
 [51 <./figuras/ce_inshow.png>]
Package babel Info: Redefining portuges shorthand "|
(babel)             in language  on input line 184.
Package babel Info: Redefining portuges shorthand "|
(babel)             in language  on input line 200.
 [52]
Package babel Info: Redefining portuges shorthand "|
(babel)             in language  on input line 232.
 [53]
<figuras/cep_relacaoPL.png, id=1035, 381.94695pt x 281.49165pt>
File: figuras/cep_relacaoPL.png Graphic file (type png)

<use figuras/cep_relacaoPL.png>
Package pdftex.def Info: figuras/cep_relacaoPL.png used on input line 236.
(pdftex.def)             Requested size: 250.10226pt x 184.32468pt.

<figuras/rrab_relacaoPL.png, id=1036, 386.28316pt x 281.49165pt>
File: figuras/rrab_relacaoPL.png Graphic file (type png)

<use figuras/rrab_relacaoPL.png>
Package pdftex.def Info: figuras/rrab_relacaoPL.png used on input line 256.
(pdftex.def)             Requested size: 208.41644pt x 151.87436pt.

<figuras/rrc_relacaoPL.png, id=1037, 386.28316pt x 281.49165pt>
File: figuras/rrc_relacaoPL.png Graphic file (type png)

<use figuras/rrc_relacaoPL.png>
Package pdftex.def Info: figuras/rrc_relacaoPL.png used on input line 262.
(pdftex.def)             Requested size: 208.41644pt x 151.87436pt.
Package babel Info: Redefining portuges shorthand "|
(babel)             in language  on input line 276.
 [54 <./figuras/cep_relacaoPL.png> <./figuras/rrab_relacaoPL.png> <./figuras/rr
c_relacaoPL.png>]
<figuras/equatorial.png, id=1047, 392.4261pt x 282.5757pt>
File: figuras/equatorial.png Graphic file (type png)

<use figuras/equatorial.png>
Package pdftex.def Info: figuras/equatorial.png used on input line 292.
(pdftex.def)             Requested size: 250.10226pt x 180.09326pt.

<figuras/3d_plot_0.png, id=1050, 350.14815pt x 238.491pt>
File: figuras/3d_plot_0.png Graphic file (type png)

<use figuras/3d_plot_0.png>
Package pdftex.def Info: figuras/3d_plot_0.png used on input line 303.
(pdftex.def)             Requested size: 208.41644pt x 141.95667pt.

<figuras/3d_plot_90.png, id=1051, 350.14815pt x 238.491pt>
File: figuras/3d_plot_90.png Graphic file (type png)

<use figuras/3d_plot_90.png>
Package pdftex.def Info: figuras/3d_plot_90.png used on input line 308.
(pdftex.def)             Requested size: 208.41644pt x 141.95667pt.

<figuras/3d_plot_180.png, id=1052, 350.14815pt x 238.491pt>
File: figuras/3d_plot_180.png Graphic file (type png)

<use figuras/3d_plot_180.png>
Package pdftex.def Info: figuras/3d_plot_180.png used on input line 314.
(pdftex.def)             Requested size: 208.41644pt x 141.95667pt.

<figuras/3d_plot_270.png, id=1053, 350.14815pt x 238.491pt>
File: figuras/3d_plot_270.png Graphic file (type png)

<use figuras/3d_plot_270.png>
Package pdftex.def Info: figuras/3d_plot_270.png used on input line 319.
(pdftex.def)             Requested size: 208.41644pt x 141.95667pt.
) (./Capitulos/conclusao.tex
Package babel Info: Redefining portuges shorthand "|
(babel)             in language  on input line 2.
 [55 <./figuras/equatorial.png>]
Package babel Info: Redefining portuges shorthand "|
(babel)             in language  on input line 2.
 [56 <./figuras/3d_plot_0.png> <./figuras/3d_plot_90.png> <./figuras/3d_plot_18
0.png> <./figuras/3d_plot_270.png>]
Cap\'{\i }tulo 5.
Package babel Info: Redefining portuges shorthand "|
(babel)             in language  on input line 2.
--------------------
 5. Conclus\IeC {\~a}o
--------------------
) (./apendice/apendice1.tex
Package babel Info: Redefining portuges shorthand "|
(babel)             in language  on input line 21.
 [57

]
Package babel Info: Redefining portuges shorthand "|
(babel)             in language  on input line 21.
 [58]
Ap\^endice A.
Package babel Info: Redefining portuges shorthand "|
(babel)             in language  on input line 21.
--------------------
 A. Algoritmo
--------------------
Package hyperref Info: bookmark level for unknown lstlisting defaults to 0 on i
nput line 27.
(./conditional_entropy.py
Package babel Info: Redefining portuges shorthand "|
(babel)             in language  on input line 23.
 [59

]
Package babel Info: Redefining portuges shorthand "|
(babel)             in language  on input line 57.
 [60]
Package babel Info: Redefining portuges shorthand "|
(babel)             in language  on input line 92.
 [61]
LaTeX Font Info:    Font shape `OMS/cmr/m/n' in size <10> not available
(Font)              Font shape `OMS/cmsy/m/n' tried instead on input line 100.
Package babel Info: Redefining portuges shorthand "|
(babel)             in language  on input line 125.
 [62]))
Package babel Info: Redefining portuges shorthand "|
(babel)             in language  on input line 445.
 [63]
Package babel Info: Redefining portuges shorthand "|
(babel)             in language  on input line 445.
 [64

]
Package babel Info: Redefining portuges shorthand "|
(babel)             in language  on input line 445.
Package babel Info: Redefining portuges shorthand "|
(babel)             in language  on input line 445.
 [65]
Package babel Info: Redefining portuges shorthand "|
(babel)             in language  on input line 445.
 [66]
Package babel Info: Redefining portuges shorthand "|
(babel)             in language  on input line 445.
 [67]
Package atveryend Info: Empty hook `BeforeClearDocument' on input line 449.
Package babel Info: Redefining portuges shorthand "|
(babel)             in language  on input line 449.

[68]
Package atveryend Info: Empty hook `AfterLastShipout' on input line 449.
 (./monografia.aux)
Package atveryend Info: Executing hook `AtVeryEndDocument' on input line 449.
Package atveryend Info: Executing hook `AtEndAfterFileList' on input line 449.
Package rerunfilecheck Info: File `monografia.out' has not changed.
(rerunfilecheck)             Checksum: 0F845EEBF90C9C989C2F58BBE03EA84B;9242.
Package logreq Info: Writing requests to 'monografia.run.xml'.
\openout1 = `monografia.run.xml'.

 ) 
Here is how much of TeX's memory you used:
 30945 strings out of 493304
 540543 string characters out of 6139872
 744785 words of memory out of 5000000
 33493 multiletter control sequences out of 15000+600000
 33776 words of font info for 77 fonts, out of 8000000 for 9000
 957 hyphenation exceptions out of 8191
 47i,20n,72p,10408b,3220s stack positions out of 5000i,500n,10000p,200000b,80000s
{/usr/share/texmf/fonts/enc/dvips/cm-super/cm-super-t1.enc}</usr/share/texliv
e/texmf-dist/fonts/type1/public/amsfonts/cm/cmex10.pfb></usr/share/texlive/texm
f-dist/fonts/type1/public/amsfonts/cm/cmmi10.pfb></usr/share/texlive/texmf-dist
/fonts/type1/public/amsfonts/cm/cmmi12.pfb></usr/share/texlive/texmf-dist/fonts
/type1/public/amsfonts/cm/cmmi6.pfb></usr/share/texlive/texmf-dist/fonts/type1/
public/amsfonts/cm/cmmi8.pfb></usr/share/texlive/texmf-dist/fonts/type1/public/
amsfonts/cm/cmr10.pfb></usr/share/texlive/texmf-dist/fonts/type1/public/amsfont
s/cm/cmr12.pfb></usr/share/texlive/texmf-dist/fonts/type1/public/amsfonts/cm/cm
r6.pfb></usr/share/texlive/texmf-dist/fonts/type1/public/amsfonts/cm/cmr8.pfb><
/usr/share/texlive/texmf-dist/fonts/type1/public/amsfonts/cm/cmsy10.pfb></usr/s
hare/texlive/texmf-dist/fonts/type1/public/amsfonts/cm/cmsy8.pfb></usr/share/te
xmf/fonts/type1/public/cm-super/sfbi1440.pfb></usr/share/texmf/fonts/type1/publ
ic/cm-super/sfbx0800.pfb></usr/share/texmf/fonts/type1/public/cm-super/sfbx1000
.pfb></usr/share/texmf/fonts/type1/public/cm-super/sfbx1200.pfb></usr/share/tex
mf/fonts/type1/public/cm-super/sfbx1440.pfb></usr/share/texmf/fonts/type1/publi
c/cm-super/sfbx1728.pfb></usr/share/texmf/fonts/type1/public/cm-super/sfbx2488.
pfb></usr/share/texmf/fonts/type1/public/cm-super/sfcc1095.pfb></usr/share/texm
f/fonts/type1/public/cm-super/sfcc1200.pfb></usr/share/texmf/fonts/type1/public
/cm-super/sfcc1440.pfb></usr/share/texmf/fonts/type1/public/cm-super/sfcc1728.p
fb></usr/share/texmf/fonts/type1/public/cm-super/sfrm0700.pfb></usr/share/texmf
/fonts/type1/public/cm-super/sfrm0800.pfb></usr/share/texmf/fonts/type1/public/
cm-super/sfrm1000.pfb></usr/share/texmf/fonts/type1/public/cm-super/sfrm1095.pf
b></usr/share/texmf/fonts/type1/public/cm-super/sfrm1200.pfb></usr/share/texmf/
fonts/type1/public/cm-super/sfrm1440.pfb></usr/share/texmf/fonts/type1/public/c
m-super/sfsl1200.pfb></usr/share/texmf/fonts/type1/public/cm-super/sfsl1728.pfb
></usr/share/texmf/fonts/type1/public/cm-super/sfti1095.pfb></usr/share/texmf/f
onts/type1/public/cm-super/sfti1200.pfb></usr/share/texmf/fonts/type1/public/cm
-super/sfti1440.pfb></usr/share/texmf/fonts/type1/public/cm-super/sfti2488.pfb>
</usr/share/texmf/fonts/type1/public/cm-super/sftt1000.pfb></usr/share/texmf/fo
nts/type1/public/cm-super/sftt1095.pfb></usr/share/texmf/fonts/type1/public/cm-
super/sftt1200.pfb>
Output written on monografia.pdf (88 pages, 4942148 bytes).
PDF statistics:
 1539 PDF objects out of 1728 (max. 8388607)
 1301 compressed objects within 14 object streams
 431 named destinations out of 1000 (max. 500000)
 700 words of extra memory for PDF output out of 10000 (max. 10000000)

